line profiling: sample.interval=20000
"file.exists" "find.package" "system.file" 
"unique" "find.package" "system.file" 
"file.exists" "system.file" 
#File 1: C:\Users\workmanm\Documents\GitHub\HiCAGE/R/overlap.R
"[" "rev.default" "rev" "curlOptions" "curlSetOpt" "curlPerform" "getURL" "doTryCatch" "tryCatchOne" "tryCatchList" "tryCatch" "bmRequest" "listMarts" "useMart" "useEnsembl" 1#52 "overlap" 
".Call" "curlPerform" "getURL" "doTryCatch" "tryCatchOne" "tryCatchList" "tryCatch" "bmRequest" "listMarts" "useMart" "useEnsembl" 1#52 "overlap" 
".Call" "curlPerform" "getURL" "doTryCatch" "tryCatchOne" "tryCatchList" "tryCatch" "bmRequest" "listMarts" "useMart" "useEnsembl" 1#52 "overlap" 
".Call" "curlPerform" "getURL" "doTryCatch" "tryCatchOne" "tryCatchList" "tryCatch" "bmRequest" "listMarts" "useMart" "useEnsembl" 1#52 "overlap" 
".Call" "curlPerform" "getURL" "doTryCatch" "tryCatchOne" "tryCatchList" "tryCatch" "bmRequest" "listMarts" "useMart" "useEnsembl" 1#52 "overlap" 
".Call" "curlPerform" "getURL" "doTryCatch" "tryCatchOne" "tryCatchList" "tryCatch" "bmRequest" "listMarts" "useMart" "useEnsembl" 1#52 "overlap" 
".Call" "curlPerform" "getURL" "doTryCatch" "tryCatchOne" "tryCatchList" "tryCatch" "bmRequest" "listMarts" "useMart" "useEnsembl" 1#52 "overlap" 
".Call" "curlPerform" "getURL" "doTryCatch" "tryCatchOne" "tryCatchList" "tryCatch" "bmRequest" "listMarts" "useMart" "useEnsembl" 1#52 "overlap" 
".Call" "curlPerform" "getURL" "doTryCatch" "tryCatchOne" "tryCatchList" "tryCatch" "bmRequest" "listMarts" "useMart" "useEnsembl" 1#52 "overlap" 
".Call" "curlPerform" "getURL" "doTryCatch" "tryCatchOne" "tryCatchList" "tryCatch" "bmRequest" "listMarts" "useMart" "useEnsembl" 1#52 "overlap" 
".Call" "curlPerform" "getURL" "doTryCatch" "tryCatchOne" "tryCatchList" "tryCatch" "bmRequest" "listMarts" "useMart" "useEnsembl" 1#52 "overlap" 
".Call" "curlPerform" "getURL" "doTryCatch" "tryCatchOne" "tryCatchList" "tryCatch" "bmRequest" "listMarts" "useMart" "useEnsembl" 1#52 "overlap" 
".Call" "curlPerform" "getURL" "doTryCatch" "tryCatchOne" "tryCatchList" "tryCatch" "bmRequest" "listMarts" "useMart" "useEnsembl" 1#52 "overlap" 
".Call" "curlPerform" "getURL" "doTryCatch" "tryCatchOne" "tryCatchList" "tryCatch" "bmRequest" "listMarts" "useMart" "useEnsembl" 1#52 "overlap" 
".Call" "curlPerform" "getURL" "doTryCatch" "tryCatchOne" "tryCatchList" "tryCatch" "bmRequest" "listMarts" "useMart" "useEnsembl" 1#52 "overlap" 
".Call" "curlPerform" "getURL" "doTryCatch" "tryCatchOne" "tryCatchList" "tryCatch" "bmRequest" "listMarts" "useMart" "useEnsembl" 1#52 "overlap" 
".Call" "curlPerform" "getURL" "doTryCatch" "tryCatchOne" "tryCatchList" "tryCatch" "bmRequest" "listMarts" "useMart" "useEnsembl" 1#52 "overlap" 
".Call" "curlPerform" "getURL" "doTryCatch" "tryCatchOne" "tryCatchList" "tryCatch" "bmRequest" "listMarts" "useMart" "useEnsembl" 1#52 "overlap" 
".Call" "curlPerform" "getURL" "doTryCatch" "tryCatchOne" "tryCatchList" "tryCatch" "bmRequest" "listMarts" "useMart" "useEnsembl" 1#52 "overlap" 
".Call" "curlPerform" "getURL" "doTryCatch" "tryCatchOne" "tryCatchList" "tryCatch" "bmRequest" "listMarts" "useMart" "useEnsembl" 1#52 "overlap" 
".Call" "curlPerform" "getURL" "doTryCatch" "tryCatchOne" "tryCatchList" "tryCatch" "bmRequest" "listMarts" "useMart" "useEnsembl" 1#52 "overlap" 
".Call" "curlPerform" "getURL" "doTryCatch" "tryCatchOne" "tryCatchList" "tryCatch" "bmRequest" "listMarts" "useMart" "useEnsembl" 1#52 "overlap" 
".Call" "curlPerform" "getURL" "doTryCatch" "tryCatchOne" "tryCatchList" "tryCatch" "bmRequest" "listMarts" "useMart" "useEnsembl" 1#52 "overlap" 
".Call" "curlPerform" "getURL" "doTryCatch" "tryCatchOne" "tryCatchList" "tryCatch" "bmRequest" "listMarts" "useMart" "useEnsembl" 1#52 "overlap" 
".Call" "curlPerform" "getURL" "doTryCatch" "tryCatchOne" "tryCatchList" "tryCatch" "bmRequest" "listMarts" "useMart" "useEnsembl" 1#52 "overlap" 
".Call" "curlPerform" "getURL" "doTryCatch" "tryCatchOne" "tryCatchList" "tryCatch" "bmRequest" "listMarts" "useMart" "useEnsembl" 1#52 "overlap" 
".Call" "curlPerform" "getURL" "doTryCatch" "tryCatchOne" "tryCatchList" "tryCatch" "bmRequest" "listMarts" "useMart" "useEnsembl" 1#52 "overlap" 
".Call" "curlPerform" "getURL" "doTryCatch" "tryCatchOne" "tryCatchList" "tryCatch" "bmRequest" "listMarts" "useMart" "useEnsembl" 1#52 "overlap" 
".Call" "curlPerform" "getURL" "doTryCatch" "tryCatchOne" "tryCatchList" "tryCatch" "bmRequest" "listMarts" "useMart" "useEnsembl" 1#52 "overlap" 
".Call" "curlPerform" "getURL" "doTryCatch" "tryCatchOne" "tryCatchList" "tryCatch" "bmRequest" "listMarts" "useMart" "useEnsembl" 1#52 "overlap" 
".Call" "curlPerform" "getURL" "doTryCatch" "tryCatchOne" "tryCatchList" "tryCatch" "bmRequest" "listMarts" "useMart" "useEnsembl" 1#52 "overlap" 
".Call" "curlPerform" "getURL" "doTryCatch" "tryCatchOne" "tryCatchList" "tryCatch" "bmRequest" "listMarts" "useMart" "useEnsembl" 1#52 "overlap" 
"structure" "xmlChildren.XMLNode" "xmlChildren" "[[.XMLNode" "[[" "xmlAttrs" "xmlGetAttr" "listMarts" "useMart" "useEnsembl" 1#52 "overlap" 
".Call" "curlPerform" "getURL" "doTryCatch" "tryCatchOne" "tryCatchList" "tryCatch" "bmRequest" "bmVersion" "useMart" "useEnsembl" 1#52 "overlap" 
".Call" "curlPerform" "getURL" "doTryCatch" "tryCatchOne" "tryCatchList" "tryCatch" "bmRequest" "bmVersion" "useMart" "useEnsembl" 1#52 "overlap" 
".Call" "curlPerform" "getURL" "doTryCatch" "tryCatchOne" "tryCatchList" "tryCatch" "bmRequest" "bmVersion" "useMart" "useEnsembl" 1#52 "overlap" 
".Call" "curlPerform" "getURL" "doTryCatch" "tryCatchOne" "tryCatchList" "tryCatch" "bmRequest" "bmVersion" "useMart" "useEnsembl" 1#52 "overlap" 
".Call" "curlPerform" "getURL" "doTryCatch" "tryCatchOne" "tryCatchList" "tryCatch" "bmRequest" "bmVersion" "useMart" "useEnsembl" 1#52 "overlap" 
".Call" "curlPerform" "getURL" "doTryCatch" "tryCatchOne" "tryCatchList" "tryCatch" "bmRequest" "bmVersion" "useMart" "useEnsembl" 1#52 "overlap" 
".Call" "curlPerform" "getURL" "doTryCatch" "tryCatchOne" "tryCatchList" "tryCatch" "bmRequest" "bmVersion" "useMart" "useEnsembl" 1#52 "overlap" 
".Call" "curlPerform" "getURL" "doTryCatch" "tryCatchOne" "tryCatchList" "tryCatch" "bmRequest" "bmVersion" "useMart" "useEnsembl" 1#52 "overlap" 
".Call" "curlPerform" "getURL" "doTryCatch" "tryCatchOne" "tryCatchList" "tryCatch" "bmRequest" "bmVersion" "useMart" "useEnsembl" 1#52 "overlap" 
".Call" "curlPerform" "getURL" "doTryCatch" "tryCatchOne" "tryCatchList" "tryCatch" "bmRequest" "bmVersion" "useMart" "useEnsembl" 1#52 "overlap" 
".Call" "curlPerform" "getURL" "doTryCatch" "tryCatchOne" "tryCatchList" "tryCatch" "bmRequest" "bmVersion" "useMart" "useEnsembl" 1#52 "overlap" 
".Call" "curlPerform" "getURL" "doTryCatch" "tryCatchOne" "tryCatchList" "tryCatch" "bmRequest" "bmVersion" "useMart" "useEnsembl" 1#52 "overlap" 
".Call" "curlPerform" "getURL" "doTryCatch" "tryCatchOne" "tryCatchList" "tryCatch" "bmRequest" "bmVersion" "useMart" "useEnsembl" 1#52 "overlap" 
".Call" "curlPerform" "getURL" "doTryCatch" "tryCatchOne" "tryCatchList" "tryCatch" "bmRequest" "bmVersion" "useMart" "useEnsembl" 1#52 "overlap" 
".Call" "curlPerform" "getURL" "doTryCatch" "tryCatchOne" "tryCatchList" "tryCatch" "bmRequest" "bmVersion" "useMart" "useEnsembl" 1#52 "overlap" 
".Call" "curlPerform" "getURL" "doTryCatch" "tryCatchOne" "tryCatchList" "tryCatch" "bmRequest" "bmVersion" "useMart" "useEnsembl" 1#52 "overlap" 
".Call" "curlPerform" "getURL" "doTryCatch" "tryCatchOne" "tryCatchList" "tryCatch" "bmRequest" "bmVersion" "useMart" "useEnsembl" 1#52 "overlap" 
".Call" "curlPerform" "getURL" "doTryCatch" "tryCatchOne" "tryCatchList" "tryCatch" "bmRequest" "bmVersion" "useMart" "useEnsembl" 1#52 "overlap" 
".Call" "getCurlHandle" "curlPerform" "getURL" "doTryCatch" "tryCatchOne" "tryCatchList" "tryCatch" "bmRequest" "listDatasets" "checkDataset" "useDataset" "useMart" "useEnsembl" 1#52 "overlap" 
".Call" "curlPerform" "getURL" "doTryCatch" "tryCatchOne" "tryCatchList" "tryCatch" "bmRequest" "listDatasets" "checkDataset" "useDataset" "useMart" "useEnsembl" 1#52 "overlap" 
".Call" "curlPerform" "getURL" "doTryCatch" "tryCatchOne" "tryCatchList" "tryCatch" "bmRequest" "listDatasets" "checkDataset" "useDataset" "useMart" "useEnsembl" 1#52 "overlap" 
".Call" "curlPerform" "getURL" "doTryCatch" "tryCatchOne" "tryCatchList" "tryCatch" "bmRequest" "listDatasets" "checkDataset" "useDataset" "useMart" "useEnsembl" 1#52 "overlap" 
".Call" "curlPerform" "getURL" "doTryCatch" "tryCatchOne" "tryCatchList" "tryCatch" "bmRequest" "listDatasets" "checkDataset" "useDataset" "useMart" "useEnsembl" 1#52 "overlap" 
".Call" "curlPerform" "getURL" "doTryCatch" "tryCatchOne" "tryCatchList" "tryCatch" "bmRequest" "listDatasets" "checkDataset" "useDataset" "useMart" "useEnsembl" 1#52 "overlap" 
".Call" "curlPerform" "getURL" "doTryCatch" "tryCatchOne" "tryCatchList" "tryCatch" "bmRequest" "listDatasets" "checkDataset" "useDataset" "useMart" "useEnsembl" 1#52 "overlap" 
".Call" "curlPerform" "getURL" "doTryCatch" "tryCatchOne" "tryCatchList" "tryCatch" "bmRequest" "listDatasets" "checkDataset" "useDataset" "useMart" "useEnsembl" 1#52 "overlap" 
".Call" "curlPerform" "getURL" "doTryCatch" "tryCatchOne" "tryCatchList" "tryCatch" "bmRequest" "listDatasets" "checkDataset" "useDataset" "useMart" "useEnsembl" 1#52 "overlap" 
".Call" "curlPerform" "getURL" "doTryCatch" "tryCatchOne" "tryCatchList" "tryCatch" "bmRequest" "listDatasets" "checkDataset" "useDataset" "useMart" "useEnsembl" 1#52 "overlap" 
".Call" "curlPerform" "getURL" "doTryCatch" "tryCatchOne" "tryCatchList" "tryCatch" "bmRequest" "listDatasets" "checkDataset" "useDataset" "useMart" "useEnsembl" 1#52 "overlap" 
".Call" "curlPerform" "getURL" "doTryCatch" "tryCatchOne" "tryCatchList" "tryCatch" "bmRequest" "listDatasets" "checkDataset" "useDataset" "useMart" "useEnsembl" 1#52 "overlap" 
".Call" "curlPerform" "getURL" "doTryCatch" "tryCatchOne" "tryCatchList" "tryCatch" "bmRequest" "listDatasets" "checkDataset" "useDataset" "useMart" "useEnsembl" 1#52 "overlap" 
".Call" "curlPerform" "getURL" "doTryCatch" "tryCatchOne" "tryCatchList" "tryCatch" "bmRequest" "listDatasets" "checkDataset" "useDataset" "useMart" "useEnsembl" 1#52 "overlap" 
".Call" "curlPerform" "getURL" "doTryCatch" "tryCatchOne" "tryCatchList" "tryCatch" "bmRequest" "listDatasets" "checkDataset" "useDataset" "useMart" "useEnsembl" 1#52 "overlap" 
".Call" "curlPerform" "getURL" "doTryCatch" "tryCatchOne" "tryCatchList" "tryCatch" "bmRequest" "listDatasets" "checkDataset" "useDataset" "useMart" "useEnsembl" 1#52 "overlap" 
".Call" "curlPerform" "getURL" "doTryCatch" "tryCatchOne" "tryCatchList" "tryCatch" "bmRequest" "listDatasets" "checkDataset" "useDataset" "useMart" "useEnsembl" 1#52 "overlap" 
".Call" "curlPerform" "getURL" "doTryCatch" "tryCatchOne" "tryCatchList" "tryCatch" "bmRequest" "listDatasets" "checkDataset" "useDataset" "useMart" "useEnsembl" 1#52 "overlap" 
".Call" "curlPerform" "getURL" "doTryCatch" "tryCatchOne" "tryCatchList" "tryCatch" "bmRequest" "listDatasets" "checkDataset" "useDataset" "useMart" "useEnsembl" 1#52 "overlap" 
".Call" "curlPerform" "getURL" "doTryCatch" "tryCatchOne" "tryCatchList" "tryCatch" "bmRequest" "bmAttrFilt" "useDataset" "useMart" "useEnsembl" 1#52 "overlap" 
".Call" "curlPerform" "getURL" "doTryCatch" "tryCatchOne" "tryCatchList" "tryCatch" "bmRequest" "bmAttrFilt" "useDataset" "useMart" "useEnsembl" 1#52 "overlap" 
".Call" "curlPerform" "getURL" "doTryCatch" "tryCatchOne" "tryCatchList" "tryCatch" "bmRequest" "bmAttrFilt" "useDataset" "useMart" "useEnsembl" 1#52 "overlap" 
".Call" "curlPerform" "getURL" "doTryCatch" "tryCatchOne" "tryCatchList" "tryCatch" "bmRequest" "bmAttrFilt" "useDataset" "useMart" "useEnsembl" 1#52 "overlap" 
".Call" "curlPerform" "getURL" "doTryCatch" "tryCatchOne" "tryCatchList" "tryCatch" "bmRequest" "bmAttrFilt" "useDataset" "useMart" "useEnsembl" 1#52 "overlap" 
".Call" "curlPerform" "getURL" "doTryCatch" "tryCatchOne" "tryCatchList" "tryCatch" "bmRequest" "bmAttrFilt" "useDataset" "useMart" "useEnsembl" 1#52 "overlap" 
".Call" "curlPerform" "getURL" "doTryCatch" "tryCatchOne" "tryCatchList" "tryCatch" "bmRequest" "bmAttrFilt" "useDataset" "useMart" "useEnsembl" 1#52 "overlap" 
".Call" "curlPerform" "getURL" "doTryCatch" "tryCatchOne" "tryCatchList" "tryCatch" "bmRequest" "bmAttrFilt" "useDataset" "useMart" "useEnsembl" 1#52 "overlap" 
".Call" "curlPerform" "getURL" "doTryCatch" "tryCatchOne" "tryCatchList" "tryCatch" "bmRequest" "bmAttrFilt" "useDataset" "useMart" "useEnsembl" 1#52 "overlap" 
".Call" "curlPerform" "getURL" "doTryCatch" "tryCatchOne" "tryCatchList" "tryCatch" "bmRequest" "bmAttrFilt" "useDataset" "useMart" "useEnsembl" 1#52 "overlap" 
".Call" "curlPerform" "getURL" "doTryCatch" "tryCatchOne" "tryCatchList" "tryCatch" "bmRequest" "bmAttrFilt" "useDataset" "useMart" "useEnsembl" 1#52 "overlap" 
".Call" "curlPerform" "getURL" "doTryCatch" "tryCatchOne" "tryCatchList" "tryCatch" "bmRequest" "bmAttrFilt" "useDataset" "useMart" "useEnsembl" 1#52 "overlap" 
".Call" "curlPerform" "getURL" "doTryCatch" "tryCatchOne" "tryCatchList" "tryCatch" "bmRequest" "bmAttrFilt" "useDataset" "useMart" "useEnsembl" 1#52 "overlap" 
".Call" "curlPerform" "getURL" "doTryCatch" "tryCatchOne" "tryCatchList" "tryCatch" "bmRequest" "bmAttrFilt" "useDataset" "useMart" "useEnsembl" 1#52 "overlap" 
".Call" "curlPerform" "getURL" "doTryCatch" "tryCatchOne" "tryCatchList" "tryCatch" "bmRequest" "bmAttrFilt" "useDataset" "useMart" "useEnsembl" 1#52 "overlap" 
".Call" "curlPerform" "getURL" "doTryCatch" "tryCatchOne" "tryCatchList" "tryCatch" "bmRequest" "bmAttrFilt" "useDataset" "useMart" "useEnsembl" 1#52 "overlap" 
".Call" "curlPerform" "getURL" "doTryCatch" "tryCatchOne" "tryCatchList" "tryCatch" "bmRequest" "bmAttrFilt" "useDataset" "useMart" "useEnsembl" 1#52 "overlap" 
".Call" "curlPerform" "getURL" "doTryCatch" "tryCatchOne" "tryCatchList" "tryCatch" "bmRequest" "bmAttrFilt" "useDataset" "useMart" "useEnsembl" 1#52 "overlap" 
".Call" "curlPerform" "getURL" "doTryCatch" "tryCatchOne" "tryCatchList" "tryCatch" "bmRequest" "bmAttrFilt" "useDataset" "useMart" "useEnsembl" 1#52 "overlap" 
".Call" "curlPerform" "getURL" "doTryCatch" "tryCatchOne" "tryCatchList" "tryCatch" "bmRequest" "bmAttrFilt" "useDataset" "useMart" "useEnsembl" 1#52 "overlap" 
".Call" "curlPerform" "getURL" "doTryCatch" "tryCatchOne" "tryCatchList" "tryCatch" "bmRequest" "bmAttrFilt" "useDataset" "useMart" "useEnsembl" 1#52 "overlap" 
".Call" "curlPerform" "getURL" "doTryCatch" "tryCatchOne" "tryCatchList" "tryCatch" "bmRequest" "bmAttrFilt" "useDataset" "useMart" "useEnsembl" 1#52 "overlap" 
".Call" "curlPerform" "getURL" "doTryCatch" "tryCatchOne" "tryCatchList" "tryCatch" "bmRequest" "bmAttrFilt" "useDataset" "useMart" "useEnsembl" 1#52 "overlap" 
".Call" "curlPerform" "getURL" "doTryCatch" "tryCatchOne" "tryCatchList" "tryCatch" "bmRequest" "bmAttrFilt" "useDataset" "useMart" "useEnsembl" 1#52 "overlap" 
".Call" "curlPerform" "getURL" "doTryCatch" "tryCatchOne" "tryCatchList" "tryCatch" "bmRequest" "bmAttrFilt" "useDataset" "useMart" "useEnsembl" 1#52 "overlap" 
".Call" "curlPerform" "getURL" "doTryCatch" "tryCatchOne" "tryCatchList" "tryCatch" "bmRequest" "bmAttrFilt" "useDataset" "useMart" "useEnsembl" 1#52 "overlap" 
".Call" "curlPerform" "getURL" "doTryCatch" "tryCatchOne" "tryCatchList" "tryCatch" "bmRequest" "bmAttrFilt" "useDataset" "useMart" "useEnsembl" 1#52 "overlap" 
".Call" "curlPerform" "getURL" "doTryCatch" "tryCatchOne" "tryCatchList" "tryCatch" "bmRequest" "bmAttrFilt" "useDataset" "useMart" "useEnsembl" 1#52 "overlap" 
".Call" "curlPerform" "getURL" "doTryCatch" "tryCatchOne" "tryCatchList" "tryCatch" "bmRequest" "bmAttrFilt" "useDataset" "useMart" "useEnsembl" 1#52 "overlap" 
".Call" "curlPerform" "getURL" "doTryCatch" "tryCatchOne" "tryCatchList" "tryCatch" "bmRequest" "bmAttrFilt" "useDataset" "useMart" "useEnsembl" 1#52 "overlap" 
".Call" "curlPerform" "getURL" "doTryCatch" "tryCatchOne" "tryCatchList" "tryCatch" "bmRequest" "bmAttrFilt" "useDataset" "useMart" "useEnsembl" 1#52 "overlap" 
".Call" "curlPerform" "getURL" "doTryCatch" "tryCatchOne" "tryCatchList" "tryCatch" "bmRequest" "bmAttrFilt" "useDataset" "useMart" "useEnsembl" 1#52 "overlap" 
".Call" "curlPerform" "getURL" "doTryCatch" "tryCatchOne" "tryCatchList" "tryCatch" "bmRequest" "bmAttrFilt" "useDataset" "useMart" "useEnsembl" 1#52 "overlap" 
".Call" "curlPerform" "getURL" "doTryCatch" "tryCatchOne" "tryCatchList" "tryCatch" "bmRequest" "bmAttrFilt" "useDataset" "useMart" "useEnsembl" 1#52 "overlap" 
".Call" "curlPerform" "getURL" "doTryCatch" "tryCatchOne" "tryCatchList" "tryCatch" "bmRequest" "bmAttrFilt" "useDataset" "useMart" "useEnsembl" 1#52 "overlap" 
".Call" "curlPerform" "getURL" "doTryCatch" "tryCatchOne" "tryCatchList" "tryCatch" "bmRequest" "bmAttrFilt" "useDataset" "useMart" "useEnsembl" 1#52 "overlap" 
".Call" "curlPerform" "getURL" "doTryCatch" "tryCatchOne" "tryCatchList" "tryCatch" "bmRequest" "bmAttrFilt" "useDataset" "useMart" "useEnsembl" 1#52 "overlap" 
".Call" "curlPerform" "getURL" "doTryCatch" "tryCatchOne" "tryCatchList" "tryCatch" "bmRequest" "bmAttrFilt" "useDataset" "useMart" "useEnsembl" 1#52 "overlap" 
".Call" "curlPerform" "getURL" "doTryCatch" "tryCatchOne" "tryCatchList" "tryCatch" "bmRequest" "bmAttrFilt" "useDataset" "useMart" "useEnsembl" 1#52 "overlap" 
".Call" "curlPerform" "getURL" "doTryCatch" "tryCatchOne" "tryCatchList" "tryCatch" "bmRequest" "bmAttrFilt" "useDataset" "useMart" "useEnsembl" 1#52 "overlap" 
".Call" "curlPerform" "getURL" "doTryCatch" "tryCatchOne" "tryCatchList" "tryCatch" "bmRequest" "bmAttrFilt" "useDataset" "useMart" "useEnsembl" 1#52 "overlap" 
".Call" "curlPerform" "getURL" "doTryCatch" "tryCatchOne" "tryCatchList" "tryCatch" "bmRequest" "bmAttrFilt" "useDataset" "useMart" "useEnsembl" 1#52 "overlap" 
".Call" "curlPerform" "getURL" "doTryCatch" "tryCatchOne" "tryCatchList" "tryCatch" "bmRequest" "bmAttrFilt" "useDataset" "useMart" "useEnsembl" 1#52 "overlap" 
".Call" "curlPerform" "getURL" "doTryCatch" "tryCatchOne" "tryCatchList" "tryCatch" "bmRequest" "bmAttrFilt" "useDataset" "useMart" "useEnsembl" 1#52 "overlap" 
".Call" "curlPerform" "getURL" "doTryCatch" "tryCatchOne" "tryCatchList" "tryCatch" "bmRequest" "bmAttrFilt" "useDataset" "useMart" "useEnsembl" 1#52 "overlap" 
".Call" "curlPerform" "getURL" "doTryCatch" "tryCatchOne" "tryCatchList" "tryCatch" "bmRequest" "bmAttrFilt" "useDataset" "useMart" "useEnsembl" 1#52 "overlap" 
".Call" "curlPerform" "getURL" "doTryCatch" "tryCatchOne" "tryCatchList" "tryCatch" "bmRequest" "bmAttrFilt" "useDataset" "useMart" "useEnsembl" 1#52 "overlap" 
".Call" "curlPerform" "getURL" "doTryCatch" "tryCatchOne" "tryCatchList" "tryCatch" "bmRequest" "bmAttrFilt" "useDataset" "useMart" "useEnsembl" 1#52 "overlap" 
".Call" "curlPerform" "getURL" "doTryCatch" "tryCatchOne" "tryCatchList" "tryCatch" "bmRequest" "bmAttrFilt" "useDataset" "useMart" "useEnsembl" 1#52 "overlap" 
".Call" "curlPerform" "getURL" "doTryCatch" "tryCatchOne" "tryCatchList" "tryCatch" "bmRequest" "bmAttrFilt" "useDataset" "useMart" "useEnsembl" 1#52 "overlap" 
".Call" "curlPerform" "getURL" "doTryCatch" "tryCatchOne" "tryCatchList" "tryCatch" "bmRequest" "bmAttrFilt" "useDataset" "useMart" "useEnsembl" 1#52 "overlap" 
".Call" "curlPerform" "getURL" "doTryCatch" "tryCatchOne" "tryCatchList" "tryCatch" "bmRequest" "bmAttrFilt" "useDataset" "useMart" "useEnsembl" 1#52 "overlap" 
".Call" "curlPerform" "getURL" "doTryCatch" "tryCatchOne" "tryCatchList" "tryCatch" "bmRequest" "bmAttrFilt" "useDataset" "useMart" "useEnsembl" 1#52 "overlap" 
".Call" "curlPerform" "getURL" "doTryCatch" "tryCatchOne" "tryCatchList" "tryCatch" "bmRequest" "bmAttrFilt" "useDataset" "useMart" "useEnsembl" 1#52 "overlap" 
".Call" "curlPerform" "getURL" "doTryCatch" "tryCatchOne" "tryCatchList" "tryCatch" "bmRequest" "bmAttrFilt" "useDataset" "useMart" "useEnsembl" 1#52 "overlap" 
".Call" "curlPerform" "getURL" "doTryCatch" "tryCatchOne" "tryCatchList" "tryCatch" "bmRequest" "bmAttrFilt" "useDataset" "useMart" "useEnsembl" 1#52 "overlap" 
".Call" "curlPerform" "getURL" "doTryCatch" "tryCatchOne" "tryCatchList" "tryCatch" "bmRequest" "bmAttrFilt" "useDataset" "useMart" "useEnsembl" 1#52 "overlap" 
".Call" "curlPerform" "getURL" "doTryCatch" "tryCatchOne" "tryCatchList" "tryCatch" "bmRequest" "bmAttrFilt" "useDataset" "useMart" "useEnsembl" 1#52 "overlap" 
".Call" "curlPerform" "getURL" "doTryCatch" "tryCatchOne" "tryCatchList" "tryCatch" "bmRequest" "bmAttrFilt" "useDataset" "useMart" "useEnsembl" 1#52 "overlap" 
".Call" "curlPerform" "getURL" "doTryCatch" "tryCatchOne" "tryCatchList" "tryCatch" "bmRequest" "bmAttrFilt" "useDataset" "useMart" "useEnsembl" 1#52 "overlap" 
".Call" "curlPerform" "getURL" "doTryCatch" "tryCatchOne" "tryCatchList" "tryCatch" "bmRequest" "bmAttrFilt" "useDataset" "useMart" "useEnsembl" 1#52 "overlap" 
".Call" "curlPerform" "getURL" "doTryCatch" "tryCatchOne" "tryCatchList" "tryCatch" "bmRequest" "bmAttrFilt" "useDataset" "useMart" "useEnsembl" 1#52 "overlap" 
".Call" "curlPerform" "getURL" "doTryCatch" "tryCatchOne" "tryCatchList" "tryCatch" "bmRequest" "bmAttrFilt" "useDataset" "useMart" "useEnsembl" 1#52 "overlap" 
".Call" "curlPerform" "getURL" "doTryCatch" "tryCatchOne" "tryCatchList" "tryCatch" "bmRequest" "bmAttrFilt" "useDataset" "useMart" "useEnsembl" 1#52 "overlap" 
".Call" "curlPerform" "getURL" "doTryCatch" "tryCatchOne" "tryCatchList" "tryCatch" "bmRequest" "bmAttrFilt" "useDataset" "useMart" "useEnsembl" 1#52 "overlap" 
".Call" "curlPerform" "getURL" "doTryCatch" "tryCatchOne" "tryCatchList" "tryCatch" "bmRequest" "bmAttrFilt" "useDataset" "useMart" "useEnsembl" 1#52 "overlap" 
".Call" "curlPerform" "getURL" "doTryCatch" "tryCatchOne" "tryCatchList" "tryCatch" "bmRequest" "bmAttrFilt" "useDataset" "useMart" "useEnsembl" 1#52 "overlap" 
".Call" "curlPerform" "getURL" "doTryCatch" "tryCatchOne" "tryCatchList" "tryCatch" "bmRequest" "bmAttrFilt" "useDataset" "useMart" "useEnsembl" 1#52 "overlap" 
".Call" "curlPerform" "getURL" "doTryCatch" "tryCatchOne" "tryCatchList" "tryCatch" "bmRequest" "bmAttrFilt" "useDataset" "useMart" "useEnsembl" 1#52 "overlap" 
"c" "<Anonymous>" ".Call" "curlPerform" "getURL" "doTryCatch" "tryCatchOne" "tryCatchList" "tryCatch" "bmRequest" "bmAttrFilt" "useDataset" "useMart" "useEnsembl" 1#52 "overlap" 
"scan" "read.table" "bmAttrFilt" "useDataset" "useMart" "useEnsembl" 1#52 "overlap" 
".Call" "curlPerform" "getURL" "doTryCatch" "tryCatchOne" "tryCatchList" "tryCatch" "bmRequest" "bmAttrFilt" "useDataset" "useMart" "useEnsembl" 1#52 "overlap" 
".Call" "curlPerform" "getURL" "doTryCatch" "tryCatchOne" "tryCatchList" "tryCatch" "bmRequest" "bmAttrFilt" "useDataset" "useMart" "useEnsembl" 1#52 "overlap" 
".Call" "curlPerform" "getURL" "doTryCatch" "tryCatchOne" "tryCatchList" "tryCatch" "bmRequest" "bmAttrFilt" "useDataset" "useMart" "useEnsembl" 1#52 "overlap" 
".Call" "curlPerform" "getURL" "doTryCatch" "tryCatchOne" "tryCatchList" "tryCatch" "bmRequest" "bmAttrFilt" "useDataset" "useMart" "useEnsembl" 1#52 "overlap" 
".Call" "curlPerform" "getURL" "doTryCatch" "tryCatchOne" "tryCatchList" "tryCatch" "bmRequest" "bmAttrFilt" "useDataset" "useMart" "useEnsembl" 1#52 "overlap" 
".Call" "curlPerform" "getURL" "doTryCatch" "tryCatchOne" "tryCatchList" "tryCatch" "bmRequest" "bmAttrFilt" "useDataset" "useMart" "useEnsembl" 1#52 "overlap" 
".Call" "curlPerform" "getURL" "doTryCatch" "tryCatchOne" "tryCatchList" "tryCatch" "bmRequest" "bmAttrFilt" "useDataset" "useMart" "useEnsembl" 1#52 "overlap" 
".Call" "curlPerform" "getURL" "doTryCatch" "tryCatchOne" "tryCatchList" "tryCatch" "bmRequest" "bmAttrFilt" "useDataset" "useMart" "useEnsembl" 1#52 "overlap" 
".Call" "curlPerform" "getURL" "doTryCatch" "tryCatchOne" "tryCatchList" "tryCatch" "bmRequest" "bmAttrFilt" "useDataset" "useMart" "useEnsembl" 1#52 "overlap" 
".Call" "curlPerform" "getURL" "doTryCatch" "tryCatchOne" "tryCatchList" "tryCatch" "bmRequest" "bmAttrFilt" "useDataset" "useMart" "useEnsembl" 1#52 "overlap" 
".Call" "curlPerform" "getURL" "doTryCatch" "tryCatchOne" "tryCatchList" "tryCatch" "bmRequest" "bmAttrFilt" "useDataset" "useMart" "useEnsembl" 1#52 "overlap" 
".Call" "curlPerform" "getURL" "doTryCatch" "tryCatchOne" "tryCatchList" "tryCatch" "bmRequest" "bmAttrFilt" "useDataset" "useMart" "useEnsembl" 1#52 "overlap" 
".Call" "curlPerform" "getURL" "doTryCatch" "tryCatchOne" "tryCatchList" "tryCatch" "bmRequest" "bmAttrFilt" "useDataset" "useMart" "useEnsembl" 1#52 "overlap" 
".Call" "curlPerform" "getURL" "doTryCatch" "tryCatchOne" "tryCatchList" "tryCatch" "bmRequest" "bmAttrFilt" "useDataset" "useMart" "useEnsembl" 1#52 "overlap" 
".Call" "curlPerform" "getURL" "doTryCatch" "tryCatchOne" "tryCatchList" "tryCatch" "bmRequest" "bmAttrFilt" "useDataset" "useMart" "useEnsembl" 1#52 "overlap" 
".Call" "curlPerform" "getURL" "doTryCatch" "tryCatchOne" "tryCatchList" "tryCatch" "bmRequest" "bmAttrFilt" "useDataset" "useMart" "useEnsembl" 1#52 "overlap" 
".Call" "curlPerform" "getURL" "doTryCatch" "tryCatchOne" "tryCatchList" "tryCatch" "bmRequest" "bmAttrFilt" "useDataset" "useMart" "useEnsembl" 1#52 "overlap" 
".Call" "curlPerform" "getURL" "doTryCatch" "tryCatchOne" "tryCatchList" "tryCatch" "bmRequest" "bmAttrFilt" "useDataset" "useMart" "useEnsembl" 1#52 "overlap" 
".Call" "curlPerform" "getURL" "doTryCatch" "tryCatchOne" "tryCatchList" "tryCatch" "bmRequest" "bmAttrFilt" "useDataset" "useMart" "useEnsembl" 1#52 "overlap" 
".Call" "curlPerform" "getURL" "doTryCatch" "tryCatchOne" "tryCatchList" "tryCatch" "bmRequest" "bmAttrFilt" "useDataset" "useMart" "useEnsembl" 1#52 "overlap" 
".Call" "curlPerform" "getURL" "doTryCatch" "tryCatchOne" "tryCatchList" "tryCatch" "bmRequest" "bmAttrFilt" "useDataset" "useMart" "useEnsembl" 1#52 "overlap" 
".Call" "curlPerform" "getURL" "doTryCatch" "tryCatchOne" "tryCatchList" "tryCatch" "bmRequest" "bmAttrFilt" "useDataset" "useMart" "useEnsembl" 1#52 "overlap" 
".Call" "curlPerform" "getURL" "doTryCatch" "tryCatchOne" "tryCatchList" "tryCatch" "bmRequest" "bmAttrFilt" "useDataset" "useMart" "useEnsembl" 1#52 "overlap" 
".Call" "curlPerform" "getURL" "doTryCatch" "tryCatchOne" "tryCatchList" "tryCatch" "bmRequest" "bmAttrFilt" "useDataset" "useMart" "useEnsembl" 1#52 "overlap" 
".Call" "curlPerform" "getURL" "doTryCatch" "tryCatchOne" "tryCatchList" "tryCatch" "bmRequest" "bmAttrFilt" "useDataset" "useMart" "useEnsembl" 1#52 "overlap" 
".Call" "curlPerform" "getURL" "doTryCatch" "tryCatchOne" "tryCatchList" "tryCatch" "bmRequest" "bmAttrFilt" "useDataset" "useMart" "useEnsembl" 1#52 "overlap" 
".Call" "curlPerform" "getURL" "doTryCatch" "tryCatchOne" "tryCatchList" "tryCatch" "bmRequest" "bmAttrFilt" "useDataset" "useMart" "useEnsembl" 1#52 "overlap" 
".Call" "curlPerform" "getURL" "doTryCatch" "tryCatchOne" "tryCatchList" "tryCatch" "bmRequest" "bmAttrFilt" "useDataset" "useMart" "useEnsembl" 1#52 "overlap" 
".Call" "curlPerform" "getURL" "doTryCatch" "tryCatchOne" "tryCatchList" "tryCatch" "bmRequest" "bmAttrFilt" "useDataset" "useMart" "useEnsembl" 1#52 "overlap" 
".Call" "curlPerform" "getURL" "doTryCatch" "tryCatchOne" "tryCatchList" "tryCatch" "bmRequest" "bmAttrFilt" "useDataset" "useMart" "useEnsembl" 1#52 "overlap" 
".Call" "curlPerform" "getURL" "doTryCatch" "tryCatchOne" "tryCatchList" "tryCatch" "bmRequest" "bmAttrFilt" "useDataset" "useMart" "useEnsembl" 1#52 "overlap" 
".Call" "curlPerform" "getURL" "doTryCatch" "tryCatchOne" "tryCatchList" "tryCatch" "bmRequest" "bmAttrFilt" "useDataset" "useMart" "useEnsembl" 1#52 "overlap" 
".Call" "curlPerform" "getURL" "doTryCatch" "tryCatchOne" "tryCatchList" "tryCatch" "bmRequest" "bmAttrFilt" "useDataset" "useMart" "useEnsembl" 1#52 "overlap" 
".Call" "curlPerform" "getURL" "doTryCatch" "tryCatchOne" "tryCatchList" "tryCatch" "bmRequest" "bmAttrFilt" "useDataset" "useMart" "useEnsembl" 1#52 "overlap" 
".Call" "curlPerform" "getURL" "doTryCatch" "tryCatchOne" "tryCatchList" "tryCatch" "bmRequest" "bmAttrFilt" "useDataset" "useMart" "useEnsembl" 1#52 "overlap" 
".Call" "curlPerform" "getURL" "doTryCatch" "tryCatchOne" "tryCatchList" "tryCatch" "bmRequest" "bmAttrFilt" "useDataset" "useMart" "useEnsembl" 1#52 "overlap" 
".Call" "curlPerform" "getURL" "doTryCatch" "tryCatchOne" "tryCatchList" "tryCatch" "bmRequest" "bmAttrFilt" "useDataset" "useMart" "useEnsembl" 1#52 "overlap" 
".Call" "curlPerform" "getURL" "doTryCatch" "tryCatchOne" "tryCatchList" "tryCatch" "bmRequest" "bmAttrFilt" "useDataset" "useMart" "useEnsembl" 1#52 "overlap" 
".Call" "curlPerform" "getURL" "doTryCatch" "tryCatchOne" "tryCatchList" "tryCatch" "bmRequest" "bmAttrFilt" "useDataset" "useMart" "useEnsembl" 1#52 "overlap" 
".Call" "curlPerform" "getURL" "doTryCatch" "tryCatchOne" "tryCatchList" "tryCatch" "bmRequest" "bmAttrFilt" "useDataset" "useMart" "useEnsembl" 1#52 "overlap" 
".Call" "curlPerform" "getURL" "doTryCatch" "tryCatchOne" "tryCatchList" "tryCatch" "bmRequest" "bmAttrFilt" "useDataset" "useMart" "useEnsembl" 1#52 "overlap" 
".Call" "curlPerform" "getURL" "doTryCatch" "tryCatchOne" "tryCatchList" "tryCatch" "bmRequest" "bmAttrFilt" "useDataset" "useMart" "useEnsembl" 1#52 "overlap" 
".Call" "curlPerform" "getURL" "doTryCatch" "tryCatchOne" "tryCatchList" "tryCatch" "bmRequest" "bmAttrFilt" "useDataset" "useMart" "useEnsembl" 1#52 "overlap" 
".Call" "curlPerform" "getURL" "doTryCatch" "tryCatchOne" "tryCatchList" "tryCatch" "bmRequest" "bmAttrFilt" "useDataset" "useMart" "useEnsembl" 1#52 "overlap" 
".Call" "curlPerform" "getURL" "doTryCatch" "tryCatchOne" "tryCatchList" "tryCatch" "bmRequest" "bmAttrFilt" "useDataset" "useMart" "useEnsembl" 1#52 "overlap" 
".Call" "curlPerform" "getURL" "doTryCatch" "tryCatchOne" "tryCatchList" "tryCatch" "bmRequest" "bmAttrFilt" "useDataset" "useMart" "useEnsembl" 1#52 "overlap" 
".Call" "curlPerform" "getURL" "doTryCatch" "tryCatchOne" "tryCatchList" "tryCatch" "bmRequest" "bmAttrFilt" "useDataset" "useMart" "useEnsembl" 1#52 "overlap" 
".Call" "curlPerform" "getURL" "doTryCatch" "tryCatchOne" "tryCatchList" "tryCatch" "bmRequest" "bmAttrFilt" "useDataset" "useMart" "useEnsembl" 1#52 "overlap" 
".Call" "curlPerform" "getURL" "doTryCatch" "tryCatchOne" "tryCatchList" "tryCatch" "bmRequest" "bmAttrFilt" "useDataset" "useMart" "useEnsembl" 1#52 "overlap" 
".Call" "curlPerform" "getURL" "doTryCatch" "tryCatchOne" "tryCatchList" "tryCatch" "bmRequest" "bmAttrFilt" "useDataset" "useMart" "useEnsembl" 1#52 "overlap" 
".Call" "curlPerform" "getURL" "doTryCatch" "tryCatchOne" "tryCatchList" "tryCatch" "bmRequest" "bmAttrFilt" "useDataset" "useMart" "useEnsembl" 1#52 "overlap" 
".Call" "curlPerform" "getURL" "doTryCatch" "tryCatchOne" "tryCatchList" "tryCatch" "bmRequest" "bmAttrFilt" "useDataset" "useMart" "useEnsembl" 1#52 "overlap" 
".Call" "curlPerform" "getURL" "doTryCatch" "tryCatchOne" "tryCatchList" "tryCatch" "bmRequest" "bmAttrFilt" "useDataset" "useMart" "useEnsembl" 1#52 "overlap" 
".Call" "curlPerform" "getURL" "doTryCatch" "tryCatchOne" "tryCatchList" "tryCatch" "bmRequest" "bmAttrFilt" "useDataset" "useMart" "useEnsembl" 1#52 "overlap" 
".Call" "curlPerform" "getURL" "doTryCatch" "tryCatchOne" "tryCatchList" "tryCatch" "bmRequest" "bmAttrFilt" "useDataset" "useMart" "useEnsembl" 1#52 "overlap" 
".Call" "curlPerform" "getURL" "doTryCatch" "tryCatchOne" "tryCatchList" "tryCatch" "bmRequest" "bmAttrFilt" "useDataset" "useMart" "useEnsembl" 1#52 "overlap" 
".Call" "curlPerform" "getURL" "doTryCatch" "tryCatchOne" "tryCatchList" "tryCatch" "bmRequest" "bmAttrFilt" "useDataset" "useMart" "useEnsembl" 1#52 "overlap" 
".Call" "curlPerform" "getURL" "doTryCatch" "tryCatchOne" "tryCatchList" "tryCatch" "bmRequest" "bmAttrFilt" "useDataset" "useMart" "useEnsembl" 1#52 "overlap" 
".Call" "curlPerform" "getURL" "doTryCatch" "tryCatchOne" "tryCatchList" "tryCatch" "bmRequest" "bmAttrFilt" "useDataset" "useMart" "useEnsembl" 1#52 "overlap" 
".Call" "curlPerform" "getURL" "doTryCatch" "tryCatchOne" "tryCatchList" "tryCatch" "bmRequest" "bmAttrFilt" "useDataset" "useMart" "useEnsembl" 1#52 "overlap" 
".Call" "curlPerform" "getURL" "doTryCatch" "tryCatchOne" "tryCatchList" "tryCatch" "bmRequest" "bmAttrFilt" "useDataset" "useMart" "useEnsembl" 1#52 "overlap" 
".Call" "curlPerform" "getURL" "doTryCatch" "tryCatchOne" "tryCatchList" "tryCatch" "bmRequest" "bmAttrFilt" "useDataset" "useMart" "useEnsembl" 1#52 "overlap" 
".Call" "curlPerform" "getURL" "doTryCatch" "tryCatchOne" "tryCatchList" "tryCatch" "bmRequest" "bmAttrFilt" "useDataset" "useMart" "useEnsembl" 1#52 "overlap" 
".Call" "curlPerform" "getURL" "doTryCatch" "tryCatchOne" "tryCatchList" "tryCatch" "bmRequest" "bmAttrFilt" "useDataset" "useMart" "useEnsembl" 1#52 "overlap" 
".Call" "curlPerform" "getURL" "doTryCatch" "tryCatchOne" "tryCatchList" "tryCatch" "bmRequest" "bmAttrFilt" "useDataset" "useMart" "useEnsembl" 1#52 "overlap" 
".Call" "curlPerform" "getURL" "doTryCatch" "tryCatchOne" "tryCatchList" "tryCatch" "bmRequest" "bmAttrFilt" "useDataset" "useMart" "useEnsembl" 1#52 "overlap" 
".Call" "curlPerform" "getURL" "doTryCatch" "tryCatchOne" "tryCatchList" "tryCatch" "bmRequest" "bmAttrFilt" "useDataset" "useMart" "useEnsembl" 1#52 "overlap" 
".Call" "curlPerform" "getURL" "doTryCatch" "tryCatchOne" "tryCatchList" "tryCatch" "bmRequest" "bmAttrFilt" "useDataset" "useMart" "useEnsembl" 1#52 "overlap" 
".Call" "curlPerform" "getURL" "doTryCatch" "tryCatchOne" "tryCatchList" "tryCatch" "bmRequest" "bmAttrFilt" "useDataset" "useMart" "useEnsembl" 1#52 "overlap" 
".Call" "curlPerform" "getURL" "doTryCatch" "tryCatchOne" "tryCatchList" "tryCatch" "bmRequest" "bmAttrFilt" "useDataset" "useMart" "useEnsembl" 1#52 "overlap" 
".Call" "curlPerform" "getURL" "doTryCatch" "tryCatchOne" "tryCatchList" "tryCatch" "bmRequest" "bmAttrFilt" "useDataset" "useMart" "useEnsembl" 1#52 "overlap" 
".Call" "curlPerform" "getURL" "doTryCatch" "tryCatchOne" "tryCatchList" "tryCatch" "bmRequest" "bmAttrFilt" "useDataset" "useMart" "useEnsembl" 1#52 "overlap" 
".Call" "curlPerform" "getURL" "doTryCatch" "tryCatchOne" "tryCatchList" "tryCatch" "bmRequest" "bmAttrFilt" "useDataset" "useMart" "useEnsembl" 1#52 "overlap" 
".Call" "curlPerform" "getURL" "doTryCatch" "tryCatchOne" "tryCatchList" "tryCatch" "bmRequest" "bmAttrFilt" "useDataset" "useMart" "useEnsembl" 1#52 "overlap" 
".Call" "curlPerform" "getURL" "doTryCatch" "tryCatchOne" "tryCatchList" "tryCatch" "bmRequest" "bmAttrFilt" "useDataset" "useMart" "useEnsembl" 1#52 "overlap" 
".Call" "curlPerform" "getURL" "doTryCatch" "tryCatchOne" "tryCatchList" "tryCatch" "bmRequest" "bmAttrFilt" "useDataset" "useMart" "useEnsembl" 1#52 "overlap" 
".Call" "curlPerform" "getURL" "doTryCatch" "tryCatchOne" "tryCatchList" "tryCatch" "bmRequest" "bmAttrFilt" "useDataset" "useMart" "useEnsembl" 1#52 "overlap" 
".Call" "curlPerform" "getURL" "doTryCatch" "tryCatchOne" "tryCatchList" "tryCatch" "bmRequest" "bmAttrFilt" "useDataset" "useMart" "useEnsembl" 1#52 "overlap" 
".Call" "curlPerform" "getURL" "doTryCatch" "tryCatchOne" "tryCatchList" "tryCatch" "bmRequest" "bmAttrFilt" "useDataset" "useMart" "useEnsembl" 1#52 "overlap" 
".Call" "curlPerform" "getURL" "doTryCatch" "tryCatchOne" "tryCatchList" "tryCatch" "bmRequest" "bmAttrFilt" "useDataset" "useMart" "useEnsembl" 1#52 "overlap" 
".Call" "curlPerform" "getURL" "doTryCatch" "tryCatchOne" "tryCatchList" "tryCatch" "bmRequest" "bmAttrFilt" "useDataset" "useMart" "useEnsembl" 1#52 "overlap" 
".Call" "curlPerform" "getURL" "doTryCatch" "tryCatchOne" "tryCatchList" "tryCatch" "bmRequest" "bmAttrFilt" "useDataset" "useMart" "useEnsembl" 1#52 "overlap" 
".Call" "curlPerform" "getURL" "doTryCatch" "tryCatchOne" "tryCatchList" "tryCatch" "bmRequest" "bmAttrFilt" "useDataset" "useMart" "useEnsembl" 1#52 "overlap" 
".Call" "curlPerform" "getURL" "doTryCatch" "tryCatchOne" "tryCatchList" "tryCatch" "bmRequest" "bmAttrFilt" "useDataset" "useMart" "useEnsembl" 1#52 "overlap" 
".Call" "curlPerform" "getURL" "doTryCatch" "tryCatchOne" "tryCatchList" "tryCatch" "bmRequest" "bmAttrFilt" "useDataset" "useMart" "useEnsembl" 1#52 "overlap" 
"scan" "read.table" "bmAttrFilt" "useDataset" "useMart" "useEnsembl" 1#52 "overlap" 
"scan" "read.table" "bmAttrFilt" "useDataset" "useMart" "useEnsembl" 1#52 "overlap" 
"grep" "curl_options" "fix_options" "curl::handle_setopt" "request_perform" "httr::POST" ".submitQuery" "getBM" 1#55 "overlap" 
".Call" "curl::curl_fetch_memory" "request_fetch.write_memory" "request_fetch" "request_perform" "httr::POST" ".submitQuery" "getBM" 1#55 "overlap" 
".Call" "curl::curl_fetch_memory" "request_fetch.write_memory" "request_fetch" "request_perform" "httr::POST" ".submitQuery" "getBM" 1#55 "overlap" 
".Call" "curl::curl_fetch_memory" "request_fetch.write_memory" "request_fetch" "request_perform" "httr::POST" ".submitQuery" "getBM" 1#55 "overlap" 
".Call" "curl::curl_fetch_memory" "request_fetch.write_memory" "request_fetch" "request_perform" "httr::POST" ".submitQuery" "getBM" 1#55 "overlap" 
".Call" "curl::curl_fetch_memory" "request_fetch.write_memory" "request_fetch" "request_perform" "httr::POST" ".submitQuery" "getBM" 1#55 "overlap" 
".Call" "curl::curl_fetch_memory" "request_fetch.write_memory" "request_fetch" "request_perform" "httr::POST" ".submitQuery" "getBM" 1#55 "overlap" 
".Call" "curl::curl_fetch_memory" "request_fetch.write_memory" "request_fetch" "request_perform" "httr::POST" ".submitQuery" "getBM" 1#55 "overlap" 
".Call" "curl::curl_fetch_memory" "request_fetch.write_memory" "request_fetch" "request_perform" "httr::POST" ".submitQuery" "getBM" 1#55 "overlap" 
".Call" "curl::curl_fetch_memory" "request_fetch.write_memory" "request_fetch" "request_perform" "httr::POST" ".submitQuery" "getBM" 1#55 "overlap" 
".Call" "curl::curl_fetch_memory" "request_fetch.write_memory" "request_fetch" "request_perform" "httr::POST" ".submitQuery" "getBM" 1#55 "overlap" 
".Call" "curl::curl_fetch_memory" "request_fetch.write_memory" "request_fetch" "request_perform" "httr::POST" ".submitQuery" "getBM" 1#55 "overlap" 
".Call" "curl::curl_fetch_memory" "request_fetch.write_memory" "request_fetch" "request_perform" "httr::POST" ".submitQuery" "getBM" 1#55 "overlap" 
".Call" "curl::curl_fetch_memory" "request_fetch.write_memory" "request_fetch" "request_perform" "httr::POST" ".submitQuery" "getBM" 1#55 "overlap" 
".Call" "curl::curl_fetch_memory" "request_fetch.write_memory" "request_fetch" "request_perform" "httr::POST" ".submitQuery" "getBM" 1#55 "overlap" 
".Call" "curl::curl_fetch_memory" "request_fetch.write_memory" "request_fetch" "request_perform" "httr::POST" ".submitQuery" "getBM" 1#55 "overlap" 
".Call" "curl::curl_fetch_memory" "request_fetch.write_memory" "request_fetch" "request_perform" "httr::POST" ".submitQuery" "getBM" 1#55 "overlap" 
".Call" "curl::curl_fetch_memory" "request_fetch.write_memory" "request_fetch" "request_perform" "httr::POST" ".submitQuery" "getBM" 1#55 "overlap" 
".Call" "curl::curl_fetch_memory" "request_fetch.write_memory" "request_fetch" "request_perform" "httr::POST" ".submitQuery" "getBM" 1#55 "overlap" 
".Call" "curl::curl_fetch_memory" "request_fetch.write_memory" "request_fetch" "request_perform" "httr::POST" ".submitQuery" "getBM" 1#55 "overlap" 
".Call" "curl::curl_fetch_memory" "request_fetch.write_memory" "request_fetch" "request_perform" "httr::POST" ".submitQuery" "getBM" 1#55 "overlap" 
".Call" "curl::curl_fetch_memory" "request_fetch.write_memory" "request_fetch" "request_perform" "httr::POST" ".submitQuery" "getBM" 1#55 "overlap" 
".Call" "curl::curl_fetch_memory" "request_fetch.write_memory" "request_fetch" "request_perform" "httr::POST" ".submitQuery" "getBM" 1#55 "overlap" 
".Call" "curl::curl_fetch_memory" "request_fetch.write_memory" "request_fetch" "request_perform" "httr::POST" ".submitQuery" "getBM" 1#55 "overlap" 
".Call" "curl::curl_fetch_memory" "request_fetch.write_memory" "request_fetch" "request_perform" "httr::POST" ".submitQuery" "getBM" 1#55 "overlap" 
".Call" "curl::curl_fetch_memory" "request_fetch.write_memory" "request_fetch" "request_perform" "httr::POST" ".submitQuery" "getBM" 1#55 "overlap" 
".Call" "curl::curl_fetch_memory" "request_fetch.write_memory" "request_fetch" "request_perform" "httr::POST" ".submitQuery" "getBM" 1#55 "overlap" 
".Call" "curl::curl_fetch_memory" "request_fetch.write_memory" "request_fetch" "request_perform" "httr::POST" ".submitQuery" "getBM" 1#55 "overlap" 
".Call" "curl::curl_fetch_memory" "request_fetch.write_memory" "request_fetch" "request_perform" "httr::POST" ".submitQuery" "getBM" 1#55 "overlap" 
".Call" "curl::curl_fetch_memory" "request_fetch.write_memory" "request_fetch" "request_perform" "httr::POST" ".submitQuery" "getBM" 1#55 "overlap" 
".Call" "curl::curl_fetch_memory" "request_fetch.write_memory" "request_fetch" "request_perform" "httr::POST" ".submitQuery" "getBM" 1#55 "overlap" 
".Call" "curl::curl_fetch_memory" "request_fetch.write_memory" "request_fetch" "request_perform" "httr::POST" ".submitQuery" "getBM" 1#55 "overlap" 
".Call" "curl::curl_fetch_memory" "request_fetch.write_memory" "request_fetch" "request_perform" "httr::POST" ".submitQuery" "getBM" 1#55 "overlap" 
".Call" "curl::curl_fetch_memory" "request_fetch.write_memory" "request_fetch" "request_perform" "httr::POST" ".submitQuery" "getBM" 1#55 "overlap" 
".Call" "curl::curl_fetch_memory" "request_fetch.write_memory" "request_fetch" "request_perform" "httr::POST" ".submitQuery" "getBM" 1#55 "overlap" 
".Call" "curl::curl_fetch_memory" "request_fetch.write_memory" "request_fetch" "request_perform" "httr::POST" ".submitQuery" "getBM" 1#55 "overlap" 
".Call" "curl::curl_fetch_memory" "request_fetch.write_memory" "request_fetch" "request_perform" "httr::POST" ".submitQuery" "getBM" 1#55 "overlap" 
".Call" "curl::curl_fetch_memory" "request_fetch.write_memory" "request_fetch" "request_perform" "httr::POST" ".submitQuery" "getBM" 1#55 "overlap" 
".Call" "curl::curl_fetch_memory" "request_fetch.write_memory" "request_fetch" "request_perform" "httr::POST" ".submitQuery" "getBM" 1#55 "overlap" 
".Call" "curl::curl_fetch_memory" "request_fetch.write_memory" "request_fetch" "request_perform" "httr::POST" ".submitQuery" "getBM" 1#55 "overlap" 
".Call" "curl::curl_fetch_memory" "request_fetch.write_memory" "request_fetch" "request_perform" "httr::POST" ".submitQuery" "getBM" 1#55 "overlap" 
".Call" "curl::curl_fetch_memory" "request_fetch.write_memory" "request_fetch" "request_perform" "httr::POST" ".submitQuery" "getBM" 1#55 "overlap" 
".Call" "curl::curl_fetch_memory" "request_fetch.write_memory" "request_fetch" "request_perform" "httr::POST" ".submitQuery" "getBM" 1#55 "overlap" 
".Call" "curl::curl_fetch_memory" "request_fetch.write_memory" "request_fetch" "request_perform" "httr::POST" ".submitQuery" "getBM" 1#55 "overlap" 
".Call" "curl::curl_fetch_memory" "request_fetch.write_memory" "request_fetch" "request_perform" "httr::POST" ".submitQuery" "getBM" 1#55 "overlap" 
".Call" "curl::curl_fetch_memory" "request_fetch.write_memory" "request_fetch" "request_perform" "httr::POST" ".submitQuery" "getBM" 1#55 "overlap" 
".Call" "curl::curl_fetch_memory" "request_fetch.write_memory" "request_fetch" "request_perform" "httr::POST" ".submitQuery" "getBM" 1#55 "overlap" 
".Call" "curl::curl_fetch_memory" "request_fetch.write_memory" "request_fetch" "request_perform" "httr::POST" ".submitQuery" "getBM" 1#55 "overlap" 
".Call" "curl::curl_fetch_memory" "request_fetch.write_memory" "request_fetch" "request_perform" "httr::POST" ".submitQuery" "getBM" 1#55 "overlap" 
".Call" "curl::curl_fetch_memory" "request_fetch.write_memory" "request_fetch" "request_perform" "httr::POST" ".submitQuery" "getBM" 1#55 "overlap" 
".Call" "curl::curl_fetch_memory" "request_fetch.write_memory" "request_fetch" "request_perform" "httr::POST" ".submitQuery" "getBM" 1#55 "overlap" 
".Call" "curl::curl_fetch_memory" "request_fetch.write_memory" "request_fetch" "request_perform" "httr::POST" ".submitQuery" "getBM" 1#55 "overlap" 
".Call" "curl::curl_fetch_memory" "request_fetch.write_memory" "request_fetch" "request_perform" "httr::POST" ".submitQuery" "getBM" 1#55 "overlap" 
".Call" "curl::curl_fetch_memory" "request_fetch.write_memory" "request_fetch" "request_perform" "httr::POST" ".submitQuery" "getBM" 1#55 "overlap" 
".Call" "curl::curl_fetch_memory" "request_fetch.write_memory" "request_fetch" "request_perform" "httr::POST" ".submitQuery" "getBM" 1#55 "overlap" 
".Call" "curl::curl_fetch_memory" "request_fetch.write_memory" "request_fetch" "request_perform" "httr::POST" ".submitQuery" "getBM" 1#55 "overlap" 
".Call" "curl::curl_fetch_memory" "request_fetch.write_memory" "request_fetch" "request_perform" "httr::POST" ".submitQuery" "getBM" 1#55 "overlap" 
".Call" "curl::curl_fetch_memory" "request_fetch.write_memory" "request_fetch" "request_perform" "httr::POST" ".submitQuery" "getBM" 1#55 "overlap" 
".Call" "curl::curl_fetch_memory" "request_fetch.write_memory" "request_fetch" "request_perform" "httr::POST" ".submitQuery" "getBM" 1#55 "overlap" 
".Call" "curl::curl_fetch_memory" "request_fetch.write_memory" "request_fetch" "request_perform" "httr::POST" ".submitQuery" "getBM" 1#55 "overlap" 
".Call" "curl::curl_fetch_memory" "request_fetch.write_memory" "request_fetch" "request_perform" "httr::POST" ".submitQuery" "getBM" 1#55 "overlap" 
".Call" "curl::curl_fetch_memory" "request_fetch.write_memory" "request_fetch" "request_perform" "httr::POST" ".submitQuery" "getBM" 1#55 "overlap" 
".Call" "curl::curl_fetch_memory" "request_fetch.write_memory" "request_fetch" "request_perform" "httr::POST" ".submitQuery" "getBM" 1#55 "overlap" 
".Call" "curl::curl_fetch_memory" "request_fetch.write_memory" "request_fetch" "request_perform" "httr::POST" ".submitQuery" "getBM" 1#55 "overlap" 
".Call" "curl::curl_fetch_memory" "request_fetch.write_memory" "request_fetch" "request_perform" "httr::POST" ".submitQuery" "getBM" 1#55 "overlap" 
".Call" "curl::curl_fetch_memory" "request_fetch.write_memory" "request_fetch" "request_perform" "httr::POST" ".submitQuery" "getBM" 1#55 "overlap" 
".Call" "curl::curl_fetch_memory" "request_fetch.write_memory" "request_fetch" "request_perform" "httr::POST" ".submitQuery" "getBM" 1#55 "overlap" 
".Call" "curl::curl_fetch_memory" "request_fetch.write_memory" "request_fetch" "request_perform" "httr::POST" ".submitQuery" "getBM" 1#55 "overlap" 
".Call" "curl::curl_fetch_memory" "request_fetch.write_memory" "request_fetch" "request_perform" "httr::POST" ".submitQuery" "getBM" 1#55 "overlap" 
".Call" "curl::curl_fetch_memory" "request_fetch.write_memory" "request_fetch" "request_perform" "httr::POST" ".submitQuery" "getBM" 1#55 "overlap" 
".Call" "curl::curl_fetch_memory" "request_fetch.write_memory" "request_fetch" "request_perform" "httr::POST" ".submitQuery" "getBM" 1#55 "overlap" 
".Call" "curl::curl_fetch_memory" "request_fetch.write_memory" "request_fetch" "request_perform" "httr::POST" ".submitQuery" "getBM" 1#55 "overlap" 
".Call" "curl::curl_fetch_memory" "request_fetch.write_memory" "request_fetch" "request_perform" "httr::POST" ".submitQuery" "getBM" 1#55 "overlap" 
".Call" "curl::curl_fetch_memory" "request_fetch.write_memory" "request_fetch" "request_perform" "httr::POST" ".submitQuery" "getBM" 1#55 "overlap" 
".Call" "curl::curl_fetch_memory" "request_fetch.write_memory" "request_fetch" "request_perform" "httr::POST" ".submitQuery" "getBM" 1#55 "overlap" 
".Call" "curl::curl_fetch_memory" "request_fetch.write_memory" "request_fetch" "request_perform" "httr::POST" ".submitQuery" "getBM" 1#55 "overlap" 
".Call" "curl::curl_fetch_memory" "request_fetch.write_memory" "request_fetch" "request_perform" "httr::POST" ".submitQuery" "getBM" 1#55 "overlap" 
".Call" "curl::curl_fetch_memory" "request_fetch.write_memory" "request_fetch" "request_perform" "httr::POST" ".submitQuery" "getBM" 1#55 "overlap" 
".Call" "curl::curl_fetch_memory" "request_fetch.write_memory" "request_fetch" "request_perform" "httr::POST" ".submitQuery" "getBM" 1#55 "overlap" 
".Call" "curl::curl_fetch_memory" "request_fetch.write_memory" "request_fetch" "request_perform" "httr::POST" ".submitQuery" "getBM" 1#55 "overlap" 
".Call" "curl::curl_fetch_memory" "request_fetch.write_memory" "request_fetch" "request_perform" "httr::POST" ".submitQuery" "getBM" 1#55 "overlap" 
".Call" "curl::curl_fetch_memory" "request_fetch.write_memory" "request_fetch" "request_perform" "httr::POST" ".submitQuery" "getBM" 1#55 "overlap" 
".Call" "curl::curl_fetch_memory" "request_fetch.write_memory" "request_fetch" "request_perform" "httr::POST" ".submitQuery" "getBM" 1#55 "overlap" 
".Call" "curl::curl_fetch_memory" "request_fetch.write_memory" "request_fetch" "request_perform" "httr::POST" ".submitQuery" "getBM" 1#55 "overlap" 
".Call" "curl::curl_fetch_memory" "request_fetch.write_memory" "request_fetch" "request_perform" "httr::POST" ".submitQuery" "getBM" 1#55 "overlap" 
".Call" "curl::curl_fetch_memory" "request_fetch.write_memory" "request_fetch" "request_perform" "httr::POST" ".submitQuery" "getBM" 1#55 "overlap" 
".Call" "curl::curl_fetch_memory" "request_fetch.write_memory" "request_fetch" "request_perform" "httr::POST" ".submitQuery" "getBM" 1#55 "overlap" 
".Call" "curl::curl_fetch_memory" "request_fetch.write_memory" "request_fetch" "request_perform" "httr::POST" ".submitQuery" "getBM" 1#55 "overlap" 
".Call" "curl::curl_fetch_memory" "request_fetch.write_memory" "request_fetch" "request_perform" "httr::POST" ".submitQuery" "getBM" 1#55 "overlap" 
".Call" "curl::curl_fetch_memory" "request_fetch.write_memory" "request_fetch" "request_perform" "httr::POST" ".submitQuery" "getBM" 1#55 "overlap" 
".Call" "curl::curl_fetch_memory" "request_fetch.write_memory" "request_fetch" "request_perform" "httr::POST" ".submitQuery" "getBM" 1#55 "overlap" 
".Call" "curl::curl_fetch_memory" "request_fetch.write_memory" "request_fetch" "request_perform" "httr::POST" ".submitQuery" "getBM" 1#55 "overlap" 
".Call" "curl::curl_fetch_memory" "request_fetch.write_memory" "request_fetch" "request_perform" "httr::POST" ".submitQuery" "getBM" 1#55 "overlap" 
".Call" "curl::curl_fetch_memory" "request_fetch.write_memory" "request_fetch" "request_perform" "httr::POST" ".submitQuery" "getBM" 1#55 "overlap" 
".Call" "curl::curl_fetch_memory" "request_fetch.write_memory" "request_fetch" "request_perform" "httr::POST" ".submitQuery" "getBM" 1#55 "overlap" 
".Call" "curl::curl_fetch_memory" "request_fetch.write_memory" "request_fetch" "request_perform" "httr::POST" ".submitQuery" "getBM" 1#55 "overlap" 
".Call" "curl::curl_fetch_memory" "request_fetch.write_memory" "request_fetch" "request_perform" "httr::POST" ".submitQuery" "getBM" 1#55 "overlap" 
".Call" "curl::curl_fetch_memory" "request_fetch.write_memory" "request_fetch" "request_perform" "httr::POST" ".submitQuery" "getBM" 1#55 "overlap" 
".Call" "curl::curl_fetch_memory" "request_fetch.write_memory" "request_fetch" "request_perform" "httr::POST" ".submitQuery" "getBM" 1#55 "overlap" 
".Call" "curl::curl_fetch_memory" "request_fetch.write_memory" "request_fetch" "request_perform" "httr::POST" ".submitQuery" "getBM" 1#55 "overlap" 
".Call" "curl::curl_fetch_memory" "request_fetch.write_memory" "request_fetch" "request_perform" "httr::POST" ".submitQuery" "getBM" 1#55 "overlap" 
".Call" "curl::curl_fetch_memory" "request_fetch.write_memory" "request_fetch" "request_perform" "httr::POST" ".submitQuery" "getBM" 1#55 "overlap" 
".Call" "curl::curl_fetch_memory" "request_fetch.write_memory" "request_fetch" "request_perform" "httr::POST" ".submitQuery" "getBM" 1#55 "overlap" 
".Call" "curl::curl_fetch_memory" "request_fetch.write_memory" "request_fetch" "request_perform" "httr::POST" ".submitQuery" "getBM" 1#55 "overlap" 
".Call" "curl::curl_fetch_memory" "request_fetch.write_memory" "request_fetch" "request_perform" "httr::POST" ".submitQuery" "getBM" 1#55 "overlap" 
".Call" "curl::curl_fetch_memory" "request_fetch.write_memory" "request_fetch" "request_perform" "httr::POST" ".submitQuery" "getBM" 1#55 "overlap" 
".Call" "curl::curl_fetch_memory" "request_fetch.write_memory" "request_fetch" "request_perform" "httr::POST" ".submitQuery" "getBM" 1#55 "overlap" 
".Call" "curl::curl_fetch_memory" "request_fetch.write_memory" "request_fetch" "request_perform" "httr::POST" ".submitQuery" "getBM" 1#55 "overlap" 
".Call" "curl::curl_fetch_memory" "request_fetch.write_memory" "request_fetch" "request_perform" "httr::POST" ".submitQuery" "getBM" 1#55 "overlap" 
".Call" "curl::curl_fetch_memory" "request_fetch.write_memory" "request_fetch" "request_perform" "httr::POST" ".submitQuery" "getBM" 1#55 "overlap" 
".Call" "curl::curl_fetch_memory" "request_fetch.write_memory" "request_fetch" "request_perform" "httr::POST" ".submitQuery" "getBM" 1#55 "overlap" 
".Call" "curl::curl_fetch_memory" "request_fetch.write_memory" "request_fetch" "request_perform" "httr::POST" ".submitQuery" "getBM" 1#55 "overlap" 
".Call" "curl::curl_fetch_memory" "request_fetch.write_memory" "request_fetch" "request_perform" "httr::POST" ".submitQuery" "getBM" 1#55 "overlap" 
".Call" "curl::curl_fetch_memory" "request_fetch.write_memory" "request_fetch" "request_perform" "httr::POST" ".submitQuery" "getBM" 1#55 "overlap" 
".Call" "curl::curl_fetch_memory" "request_fetch.write_memory" "request_fetch" "request_perform" "httr::POST" ".submitQuery" "getBM" 1#55 "overlap" 
".Call" "curl::curl_fetch_memory" "request_fetch.write_memory" "request_fetch" "request_perform" "httr::POST" ".submitQuery" "getBM" 1#55 "overlap" 
".Call" "curl::curl_fetch_memory" "request_fetch.write_memory" "request_fetch" "request_perform" "httr::POST" ".submitQuery" "getBM" 1#55 "overlap" 
".Call" "curl::curl_fetch_memory" "request_fetch.write_memory" "request_fetch" "request_perform" "httr::POST" ".submitQuery" "getBM" 1#55 "overlap" 
".Call" "curl::curl_fetch_memory" "request_fetch.write_memory" "request_fetch" "request_perform" "httr::POST" ".submitQuery" "getBM" 1#55 "overlap" 
".Call" "curl::curl_fetch_memory" "request_fetch.write_memory" "request_fetch" "request_perform" "httr::POST" ".submitQuery" "getBM" 1#55 "overlap" 
".Call" "curl::curl_fetch_memory" "request_fetch.write_memory" "request_fetch" "request_perform" "httr::POST" ".submitQuery" "getBM" 1#55 "overlap" 
"Sys.setlocale" "c_time" "parse_http_date" "request_perform" "httr::POST" ".submitQuery" "getBM" 1#55 "overlap" 
"sort.int" "iconvlist" "tolower" "%in%" "check_encoding" "guess_encoding" "parse_text" "parser" "parse_auto" "content" "withCallingHandlers" "suppressMessages" ".submitQuery" "getBM" 1#55 "overlap" 
"readBin" "iconv" "parse_text" "parser" "parse_auto" "content" "withCallingHandlers" "suppressMessages" ".submitQuery" "getBM" 1#55 "overlap" 
"iconv" "parse_text" "parser" "parse_auto" "content" "withCallingHandlers" "suppressMessages" ".submitQuery" "getBM" 1#55 "overlap" 
"iconv" "parse_text" "parser" "parse_auto" "content" "withCallingHandlers" "suppressMessages" ".submitQuery" "getBM" 1#55 "overlap" 
"iconv" "parse_text" "parser" "parse_auto" "content" "withCallingHandlers" "suppressMessages" ".submitQuery" "getBM" 1#55 "overlap" 
"iconv" "parse_text" "parser" "parse_auto" "content" "withCallingHandlers" "suppressMessages" ".submitQuery" "getBM" 1#55 "overlap" 
"iconv" "parse_text" "parser" "parse_auto" "content" "withCallingHandlers" "suppressMessages" ".submitQuery" "getBM" 1#55 "overlap" 
"iconv" "parse_text" "parser" "parse_auto" "content" "withCallingHandlers" "suppressMessages" ".submitQuery" "getBM" 1#55 "overlap" 
"iconv" "parse_text" "parser" "parse_auto" "content" "withCallingHandlers" "suppressMessages" ".submitQuery" "getBM" 1#55 "overlap" 
"iconv" "parse_text" "parser" "parse_auto" "content" "withCallingHandlers" "suppressMessages" ".submitQuery" "getBM" 1#55 "overlap" 
"iconv" "parse_text" "parser" "parse_auto" "content" "withCallingHandlers" "suppressMessages" ".submitQuery" "getBM" 1#55 "overlap" 
"iconv" "parse_text" "parser" "parse_auto" "content" "withCallingHandlers" "suppressMessages" ".submitQuery" "getBM" 1#55 "overlap" 
"iconv" "parse_text" "parser" "parse_auto" "content" "withCallingHandlers" "suppressMessages" ".submitQuery" "getBM" 1#55 "overlap" 
"iconv" "parse_text" "parser" "parse_auto" "content" "withCallingHandlers" "suppressMessages" ".submitQuery" "getBM" 1#55 "overlap" 
"iconv" "parse_text" "parser" "parse_auto" "content" "withCallingHandlers" "suppressMessages" ".submitQuery" "getBM" 1#55 "overlap" 
"iconv" "parse_text" "parser" "parse_auto" "content" "withCallingHandlers" "suppressMessages" ".submitQuery" "getBM" 1#55 "overlap" 
"iconv" "parse_text" "parser" "parse_auto" "content" "withCallingHandlers" "suppressMessages" ".submitQuery" "getBM" 1#55 "overlap" 
"iconv" "parse_text" "parser" "parse_auto" "content" "withCallingHandlers" "suppressMessages" ".submitQuery" "getBM" 1#55 "overlap" 
"iconv" "parse_text" "parser" "parse_auto" "content" "withCallingHandlers" "suppressMessages" ".submitQuery" "getBM" 1#55 "overlap" 
"iconv" "parse_text" "parser" "parse_auto" "content" "withCallingHandlers" "suppressMessages" ".submitQuery" "getBM" 1#55 "overlap" 
"iconv" "parse_text" "parser" "parse_auto" "content" "withCallingHandlers" "suppressMessages" ".submitQuery" "getBM" 1#55 "overlap" 
"iconv" "parse_text" "parser" "parse_auto" "content" "withCallingHandlers" "suppressMessages" ".submitQuery" "getBM" 1#55 "overlap" 
"iconv" "parse_text" "parser" "parse_auto" "content" "withCallingHandlers" "suppressMessages" ".submitQuery" "getBM" 1#55 "overlap" 
"iconv" "parse_text" "parser" "parse_auto" "content" "withCallingHandlers" "suppressMessages" ".submitQuery" "getBM" 1#55 "overlap" 
"iconv" "parse_text" "parser" "parse_auto" "content" "withCallingHandlers" "suppressMessages" ".submitQuery" "getBM" 1#55 "overlap" 
"iconv" "parse_text" "parser" "parse_auto" "content" "withCallingHandlers" "suppressMessages" ".submitQuery" "getBM" 1#55 "overlap" 
"iconv" "parse_text" "parser" "parse_auto" "content" "withCallingHandlers" "suppressMessages" ".submitQuery" "getBM" 1#55 "overlap" 
"iconv" "parse_text" "parser" "parse_auto" "content" "withCallingHandlers" "suppressMessages" ".submitQuery" "getBM" 1#55 "overlap" 
"iconv" "parse_text" "parser" "parse_auto" "content" "withCallingHandlers" "suppressMessages" ".submitQuery" "getBM" 1#55 "overlap" 
"iconv" "parse_text" "parser" "parse_auto" "content" "withCallingHandlers" "suppressMessages" ".submitQuery" "getBM" 1#55 "overlap" 
"iconv" "parse_text" "parser" "parse_auto" "content" "withCallingHandlers" "suppressMessages" ".submitQuery" "getBM" 1#55 "overlap" 
"iconv" "parse_text" "parser" "parse_auto" "content" "withCallingHandlers" "suppressMessages" ".submitQuery" "getBM" 1#55 "overlap" 
"iconv" "parse_text" "parser" "parse_auto" "content" "withCallingHandlers" "suppressMessages" ".submitQuery" "getBM" 1#55 "overlap" 
"iconv" "parse_text" "parser" "parse_auto" "content" "withCallingHandlers" "suppressMessages" ".submitQuery" "getBM" 1#55 "overlap" 
"iconv" "parse_text" "parser" "parse_auto" "content" "withCallingHandlers" "suppressMessages" ".submitQuery" "getBM" 1#55 "overlap" 
"iconv" "parse_text" "parser" "parse_auto" "content" "withCallingHandlers" "suppressMessages" ".submitQuery" "getBM" 1#55 "overlap" 
"iconv" "parse_text" "parser" "parse_auto" "content" "withCallingHandlers" "suppressMessages" ".submitQuery" "getBM" 1#55 "overlap" 
"iconv" "parse_text" "parser" "parse_auto" "content" "withCallingHandlers" "suppressMessages" ".submitQuery" "getBM" 1#55 "overlap" 
"iconv" "parse_text" "parser" "parse_auto" "content" "withCallingHandlers" "suppressMessages" ".submitQuery" "getBM" 1#55 "overlap" 
"iconv" "parse_text" "parser" "parse_auto" "content" "withCallingHandlers" "suppressMessages" ".submitQuery" "getBM" 1#55 "overlap" 
"iconv" "parse_text" "parser" "parse_auto" "content" "withCallingHandlers" "suppressMessages" ".submitQuery" "getBM" 1#55 "overlap" 
"iconv" "parse_text" "parser" "parse_auto" "content" "withCallingHandlers" "suppressMessages" ".submitQuery" "getBM" 1#55 "overlap" 
"iconv" "parse_text" "parser" "parse_auto" "content" "withCallingHandlers" "suppressMessages" ".submitQuery" "getBM" 1#55 "overlap" 
"iconv" "parse_text" "parser" "parse_auto" "content" "withCallingHandlers" "suppressMessages" ".submitQuery" "getBM" 1#55 "overlap" 
"iconv" "parse_text" "parser" "parse_auto" "content" "withCallingHandlers" "suppressMessages" ".submitQuery" "getBM" 1#55 "overlap" 
"iconv" "parse_text" "parser" "parse_auto" "content" "withCallingHandlers" "suppressMessages" ".submitQuery" "getBM" 1#55 "overlap" 
"iconv" "parse_text" "parser" "parse_auto" "content" "withCallingHandlers" "suppressMessages" ".submitQuery" "getBM" 1#55 "overlap" 
"iconv" "parse_text" "parser" "parse_auto" "content" "withCallingHandlers" "suppressMessages" ".submitQuery" "getBM" 1#55 "overlap" 
"iconv" "parse_text" "parser" "parse_auto" "content" "withCallingHandlers" "suppressMessages" ".submitQuery" "getBM" 1#55 "overlap" 
"iconv" "parse_text" "parser" "parse_auto" "content" "withCallingHandlers" "suppressMessages" ".submitQuery" "getBM" 1#55 "overlap" 
"iconv" "parse_text" "parser" "parse_auto" "content" "withCallingHandlers" "suppressMessages" ".submitQuery" "getBM" 1#55 "overlap" 
"iconv" "parse_text" "parser" "parse_auto" "content" "withCallingHandlers" "suppressMessages" ".submitQuery" "getBM" 1#55 "overlap" 
"iconv" "parse_text" "parser" "parse_auto" "content" "withCallingHandlers" "suppressMessages" ".submitQuery" "getBM" 1#55 "overlap" 
"iconv" "parse_text" "parser" "parse_auto" "content" "withCallingHandlers" "suppressMessages" ".submitQuery" "getBM" 1#55 "overlap" 
"iconv" "parse_text" "parser" "parse_auto" "content" "withCallingHandlers" "suppressMessages" ".submitQuery" "getBM" 1#55 "overlap" 
"iconv" "parse_text" "parser" "parse_auto" "content" "withCallingHandlers" "suppressMessages" ".submitQuery" "getBM" 1#55 "overlap" 
"iconv" "parse_text" "parser" "parse_auto" "content" "withCallingHandlers" "suppressMessages" ".submitQuery" "getBM" 1#55 "overlap" 
"iconv" "parse_text" "parser" "parse_auto" "content" "withCallingHandlers" "suppressMessages" ".submitQuery" "getBM" 1#55 "overlap" 
"iconv" "parse_text" "parser" "parse_auto" "content" "withCallingHandlers" "suppressMessages" ".submitQuery" "getBM" 1#55 "overlap" 
"iconv" "parse_text" "parser" "parse_auto" "content" "withCallingHandlers" "suppressMessages" ".submitQuery" "getBM" 1#55 "overlap" 
"iconv" "parse_text" "parser" "parse_auto" "content" "withCallingHandlers" "suppressMessages" ".submitQuery" "getBM" 1#55 "overlap" 
"iconv" "parse_text" "parser" "parse_auto" "content" "withCallingHandlers" "suppressMessages" ".submitQuery" "getBM" 1#55 "overlap" 
"iconv" "parse_text" "parser" "parse_auto" "content" "withCallingHandlers" "suppressMessages" ".submitQuery" "getBM" 1#55 "overlap" 
"iconv" "parse_text" "parser" "parse_auto" "content" "withCallingHandlers" "suppressMessages" ".submitQuery" "getBM" 1#55 "overlap" 
"iconv" "parse_text" "parser" "parse_auto" "content" "withCallingHandlers" "suppressMessages" ".submitQuery" "getBM" 1#55 "overlap" 
"iconv" "parse_text" "parser" "parse_auto" "content" "withCallingHandlers" "suppressMessages" ".submitQuery" "getBM" 1#55 "overlap" 
"iconv" "parse_text" "parser" "parse_auto" "content" "withCallingHandlers" "suppressMessages" ".submitQuery" "getBM" 1#55 "overlap" 
"iconv" "parse_text" "parser" "parse_auto" "content" "withCallingHandlers" "suppressMessages" ".submitQuery" "getBM" 1#55 "overlap" 
"iconv" "parse_text" "parser" "parse_auto" "content" "withCallingHandlers" "suppressMessages" ".submitQuery" "getBM" 1#55 "overlap" 
"iconv" "parse_text" "parser" "parse_auto" "content" "withCallingHandlers" "suppressMessages" ".submitQuery" "getBM" 1#55 "overlap" 
"iconv" "parse_text" "parser" "parse_auto" "content" "withCallingHandlers" "suppressMessages" ".submitQuery" "getBM" 1#55 "overlap" 
"iconv" "parse_text" "parser" "parse_auto" "content" "withCallingHandlers" "suppressMessages" ".submitQuery" "getBM" 1#55 "overlap" 
"iconv" "parse_text" "parser" "parse_auto" "content" "withCallingHandlers" "suppressMessages" ".submitQuery" "getBM" 1#55 "overlap" 
"gsub" "getBM" 1#55 "overlap" 
"gsub" "getBM" 1#55 "overlap" 
"grep" "getBM" 1#55 "overlap" 
"grep" "getBM" 1#55 "overlap" 
"grep" "getBM" 1#55 "overlap" 
"grep" "getBM" 1#55 "overlap" 
"textConnection" "getBM" 1#55 "overlap" 
"scan" "read.table" "getBM" 1#55 "overlap" 
"scan" "read.table" "getBM" 1#55 "overlap" 
"scan" "read.table" "getBM" 1#55 "overlap" 
"scan" "read.table" "getBM" 1#55 "overlap" 
"scan" "read.table" "getBM" 1#55 "overlap" 
"scan" "read.table" "getBM" 1#55 "overlap" 
"scan" "read.table" "getBM" 1#55 "overlap" 
"scan" "read.table" "getBM" 1#55 "overlap" 
"scan" "read.table" "getBM" 1#55 "overlap" 
"scan" "read.table" "getBM" 1#55 "overlap" 
"scan" "read.table" "getBM" 1#55 "overlap" 
"scan" "read.table" "getBM" 1#55 "overlap" 
"scan" "read.table" "getBM" 1#55 "overlap" 
"scan" "read.table" "getBM" 1#55 "overlap" 
"scan" "read.table" "getBM" 1#55 "overlap" 
"scan" "read.table" "getBM" 1#55 "overlap" 
"scan" "read.table" "getBM" 1#55 "overlap" 
".External2" "type.convert" "read.table" "getBM" 1#55 "overlap" 
".External2" "type.convert" "read.table" "getBM" 1#55 "overlap" 
".External2" "type.convert" "read.table" "getBM" 1#55 "overlap" 
".External2" "type.convert" "read.table" "getBM" 1#55 "overlap" 
"gsub" 1#61 "overlap" 
"gsub" 1#61 "overlap" 
"gsub" 1#61 "overlap" 
"gsub" 1#61 "overlap" 
".Call" ".Call2" "solveUserSEW0" "IRanges" 1#62 "new_GRanges" "GRanges" 1#62 "overlap" 
"factor" "new_GRanges" "GRanges" 1#62 "overlap" 
"base::which" "which" "standardGeneric" "which" "get_out_of_bound_index" "valid.GenomicRanges.seqinfo" "valid.func" "validityMethod" "anyStrings" "validObject" "initialize" "initialize" "new" "new_GRanges" "GRanges" 1#62 "overlap" 
"base::which" "which" "standardGeneric" "which" "get_out_of_bound_index" "valid.GenomicRanges.seqinfo" "valid.func" "validityMethod" "anyStrings" "validObject" "initialize" "initialize" "new" "new_GRanges" "GRanges" 1#62 "overlap" 
"base::which" "which" "standardGeneric" "which" "get_out_of_bound_index" "valid.GenomicRanges.seqinfo" "valid.func" "validityMethod" "anyStrings" "validObject" "initialize" "initialize" "new" "new_GRanges" "GRanges" 1#62 "overlap" 
"base::which" "which" "standardGeneric" "which" "get_out_of_bound_index" "valid.GenomicRanges.seqinfo" "valid.func" "validityMethod" "anyStrings" "validObject" "initialize" "initialize" "new" "new_GRanges" "GRanges" 1#62 "overlap" 
"normalizePath" "check_path" "standardise_path" "datasource" "col_spec_standardise" "read_delimited" "read_tsv" 1#67 "overlap" 
".Call" "guess_types_" "guess_types" "col_spec_standardise" "read_delimited" "read_tsv" 1#67 "overlap" 
".Call" "guess_types_" "guess_types" "col_spec_standardise" "read_delimited" "read_tsv" 1#67 "overlap" 
".Call" "guess_types_" "guess_types" "col_spec_standardise" "read_delimited" "read_tsv" 1#67 "overlap" 
".Call" "guess_types_" "guess_types" "col_spec_standardise" "read_delimited" "read_tsv" 1#67 "overlap" 
".Call" "guess_types_" "guess_types" "col_spec_standardise" "read_delimited" "read_tsv" 1#67 "overlap" 
".Call" "guess_types_" "guess_types" "col_spec_standardise" "read_delimited" "read_tsv" 1#67 "overlap" 
".Call" "guess_types_" "guess_types" "col_spec_standardise" "read_delimited" "read_tsv" 1#67 "overlap" 
".Call" "guess_types_" "guess_types" "col_spec_standardise" "read_delimited" "read_tsv" 1#67 "overlap" 
"file.exists" "check_path" "standardise_path" "datasource" "read_delimited" "read_tsv" 1#67 "overlap" 
"unique" ".make_numeric_version" "R_system_version" "package_version" "getRversion" "safe_match" "check_names_before_after.character" "check_names_df.character" "check_names_df" "[.tbl_df" "[" "duplicated" "[.tbl_df" 1#81 "[" 1#81 "overlap" 
"setNames" "new_GRanges" "GRanges" 1#90 "overlap" 
"possibleExtends" "extends" "is" "stopifnot" "new_Rle" "Rle" "standardGeneric" "Rle" "runValue<-" "standardGeneric" "runValue<-" "new_GRanges" "GRanges" 1#96 "overlap" 
"file.exists" "empty_file" "read_delimited" "read_tsv" 1#104 "overlap" 
".Call" "guess_types_" "guess_types" "col_spec_standardise" "read_delimited" "read_tsv" 1#104 "overlap" 
".Call" "guess_types_" "guess_types" "col_spec_standardise" "read_delimited" "read_tsv" 1#104 "overlap" 
".Call" "guess_types_" "guess_types" "col_spec_standardise" "read_delimited" "read_tsv" 1#104 "overlap" 
".Call" "guess_types_" "guess_types" "col_spec_standardise" "read_delimited" "read_tsv" 1#104 "overlap" 
".Call" "guess_types_" "guess_types" "col_spec_standardise" "read_delimited" "read_tsv" 1#104 "overlap" 
".Call" "guess_types_" "guess_types" "col_spec_standardise" "read_delimited" "read_tsv" 1#104 "overlap" 
".Call" "guess_types_" "guess_types" "col_spec_standardise" "read_delimited" "read_tsv" 1#104 "overlap" 
".Call" "guess_types_" "guess_types" "col_spec_standardise" "read_delimited" "read_tsv" 1#104 "overlap" 
".Call" "guess_types_" "guess_types" "col_spec_standardise" "read_delimited" "read_tsv" 1#104 "overlap" 
".Call" "guess_types_" "guess_types" "col_spec_standardise" "read_delimited" "read_tsv" 1#104 "overlap" 
".Call" "read_tokens_" "read_tokens" "read_delimited" "read_tsv" 1#104 "overlap" 
".Call" "read_tokens_" "read_tokens" "read_delimited" "read_tsv" 1#104 "overlap" 
".Call" "read_tokens_" "read_tokens" "read_delimited" "read_tsv" 1#104 "overlap" 
".Call" "read_tokens_" "read_tokens" "read_delimited" "read_tsv" 1#104 "overlap" 
".Call" "read_tokens_" "read_tokens" "read_delimited" "read_tsv" 1#104 "overlap" 
"gsub" 1#116 "overlap" 
"gsub" 1#116 "overlap" 
"gsub" 1#116 "overlap" 
".Call" ".Call2" "new_Rle" "Rle" "standardGeneric" "Rle" "new_GRanges" "GRanges" 1#117 "overlap" 
"structure" ".POSIXct" "file.info" "empty_file" "read_delimited" "read_tsv" "eval" "eval" "%>%" 1#212 "overlap" 
".Call" "guess_types_" "guess_types" "col_spec_standardise" "read_delimited" "read_tsv" "eval" "eval" "%>%" 1#212 "overlap" 
".Call" "guess_types_" "guess_types" "col_spec_standardise" "read_delimited" "read_tsv" "eval" "eval" "%>%" 1#212 "overlap" 
".Call" "guess_types_" "guess_types" "col_spec_standardise" "read_delimited" "read_tsv" "eval" "eval" "%>%" 1#212 "overlap" 
".Call" "guess_types_" "guess_types" "col_spec_standardise" "read_delimited" "read_tsv" "eval" "eval" "%>%" 1#212 "overlap" 
".Call" "guess_types_" "guess_types" "col_spec_standardise" "read_delimited" "read_tsv" "eval" "eval" "%>%" 1#212 "overlap" 
".Call" "guess_types_" "guess_types" "col_spec_standardise" "read_delimited" "read_tsv" "eval" "eval" "%>%" 1#212 "overlap" 
".Call" "guess_types_" "guess_types" "col_spec_standardise" "read_delimited" "read_tsv" "eval" "eval" "%>%" 1#212 "overlap" 
".Call" "guess_types_" "guess_types" "col_spec_standardise" "read_delimited" "read_tsv" "eval" "eval" "%>%" 1#212 "overlap" 
".Call" "guess_types_" "guess_types" "col_spec_standardise" "read_delimited" "read_tsv" "eval" "eval" "%>%" 1#212 "overlap" 
".Call" "guess_types_" "guess_types" "col_spec_standardise" "read_delimited" "read_tsv" "eval" "eval" "%>%" 1#212 "overlap" 
".Call" "guess_types_" "guess_types" "col_spec_standardise" "read_delimited" "read_tsv" "eval" "eval" "%>%" 1#212 "overlap" 
".Call" "guess_types_" "guess_types" "col_spec_standardise" "read_delimited" "read_tsv" "eval" "eval" "%>%" 1#212 "overlap" 
".Call" "guess_types_" "guess_types" "col_spec_standardise" "read_delimited" "read_tsv" "eval" "eval" "%>%" 1#212 "overlap" 
".Call" "guess_types_" "guess_types" "col_spec_standardise" "read_delimited" "read_tsv" "eval" "eval" "%>%" 1#212 "overlap" 
".Call" "guess_types_" "guess_types" "col_spec_standardise" "read_delimited" "read_tsv" "eval" "eval" "%>%" 1#212 "overlap" 
".Call" "guess_types_" "guess_types" "col_spec_standardise" "read_delimited" "read_tsv" "eval" "eval" "%>%" 1#212 "overlap" 
".Call" "guess_types_" "guess_types" "col_spec_standardise" "read_delimited" "read_tsv" "eval" "eval" "%>%" 1#212 "overlap" 
".Call" "guess_types_" "guess_types" "col_spec_standardise" "read_delimited" "read_tsv" "eval" "eval" "%>%" 1#212 "overlap" 
".Call" "guess_types_" "guess_types" "col_spec_standardise" "read_delimited" "read_tsv" "eval" "eval" "%>%" 1#212 "overlap" 
".Call" "guess_types_" "guess_types" "col_spec_standardise" "read_delimited" "read_tsv" "eval" "eval" "%>%" 1#212 "overlap" 
".Call" "guess_types_" "guess_types" "col_spec_standardise" "read_delimited" "read_tsv" "eval" "eval" "%>%" 1#212 "overlap" 
".Call" "guess_types_" "guess_types" "col_spec_standardise" "read_delimited" "read_tsv" "eval" "eval" "%>%" 1#212 "overlap" 
".Call" "guess_types_" "guess_types" "col_spec_standardise" "read_delimited" "read_tsv" "eval" "eval" "%>%" 1#212 "overlap" 
".Call" "guess_types_" "guess_types" "col_spec_standardise" "read_delimited" "read_tsv" "eval" "eval" "%>%" 1#212 "overlap" 
".Call" "guess_types_" "guess_types" "col_spec_standardise" "read_delimited" "read_tsv" "eval" "eval" "%>%" 1#212 "overlap" 
".Call" "guess_types_" "guess_types" "col_spec_standardise" "read_delimited" "read_tsv" "eval" "eval" "%>%" 1#212 "overlap" 
".Call" "guess_types_" "guess_types" "col_spec_standardise" "read_delimited" "read_tsv" "eval" "eval" "%>%" 1#212 "overlap" 
".Call" "guess_types_" "guess_types" "col_spec_standardise" "read_delimited" "read_tsv" "eval" "eval" "%>%" 1#212 "overlap" 
".Call" "guess_types_" "guess_types" "col_spec_standardise" "read_delimited" "read_tsv" "eval" "eval" "%>%" 1#212 "overlap" 
".Call" "guess_types_" "guess_types" "col_spec_standardise" "read_delimited" "read_tsv" "eval" "eval" "%>%" 1#212 "overlap" 
".Call" "guess_types_" "guess_types" "col_spec_standardise" "read_delimited" "read_tsv" "eval" "eval" "%>%" 1#212 "overlap" 
".Call" "guess_types_" "guess_types" "col_spec_standardise" "read_delimited" "read_tsv" "eval" "eval" "%>%" 1#212 "overlap" 
".Call" "guess_types_" "guess_types" "col_spec_standardise" "read_delimited" "read_tsv" "eval" "eval" "%>%" 1#212 "overlap" 
".Call" "guess_types_" "guess_types" "col_spec_standardise" "read_delimited" "read_tsv" "eval" "eval" "%>%" 1#212 "overlap" 
".Call" "guess_types_" "guess_types" "col_spec_standardise" "read_delimited" "read_tsv" "eval" "eval" "%>%" 1#212 "overlap" 
".Call" "guess_types_" "guess_types" "col_spec_standardise" "read_delimited" "read_tsv" "eval" "eval" "%>%" 1#212 "overlap" 
".Call" "guess_types_" "guess_types" "col_spec_standardise" "read_delimited" "read_tsv" "eval" "eval" "%>%" 1#212 "overlap" 
".Call" "guess_types_" "guess_types" "col_spec_standardise" "read_delimited" "read_tsv" "eval" "eval" "%>%" 1#212 "overlap" 
".Call" "guess_types_" "guess_types" "col_spec_standardise" "read_delimited" "read_tsv" "eval" "eval" "%>%" 1#212 "overlap" 
".Call" "guess_types_" "guess_types" "col_spec_standardise" "read_delimited" "read_tsv" "eval" "eval" "%>%" 1#212 "overlap" 
".Call" "guess_types_" "guess_types" "col_spec_standardise" "read_delimited" "read_tsv" "eval" "eval" "%>%" 1#212 "overlap" 
".Call" "guess_types_" "guess_types" "col_spec_standardise" "read_delimited" "read_tsv" "eval" "eval" "%>%" 1#212 "overlap" 
".Call" "guess_types_" "guess_types" "col_spec_standardise" "read_delimited" "read_tsv" "eval" "eval" "%>%" 1#212 "overlap" 
".Call" "guess_types_" "guess_types" "col_spec_standardise" "read_delimited" "read_tsv" "eval" "eval" "%>%" 1#212 "overlap" 
".Call" "read_tokens_" "read_tokens" "read_delimited" "read_tsv" "eval" "eval" "%>%" 1#212 "overlap" 
"typeof" "type_of" "switch_type" "get_env" "captureDots" "dots_capture" "dots_values" "dots_list" "as.pairlist" "typeof" "%in%" "is_pairlist" "new_language" "lang" "enquo" "<Anonymous>" ".Call" "enquo" "inherits" "eval_tidy" "tidyselect::vars_pull" "separate.data.frame" "separate" "function_list[[k]]" "withVisible" "freduce" "_fseq" "eval" "eval" "withVisible" "%>%" 1#212 "overlap" 
".Call" "simplifyPieces" "str_split_fixed" "separate.data.frame" "separate" "function_list[[k]]" "withVisible" "freduce" "_fseq" "eval" "eval" "withVisible" "%>%" 1#212 "overlap" 
".from_LLint_to_numeric" "as.double" "as.double" "as.double" "length" "length" "length" ".splitAsList_by_Rle" "splitAsList_default" ".local" "splitAsList" "standardGeneric" "splitAsList" ".extract_groups_from_GenomicRanges" "findOverlaps_GNCList" ".local" "findOverlaps" "standardGeneric" "findOverlaps" ".nearest" ".local" "nearest" "standardGeneric" "nearest" 1#224 "data.frame" 1#224 "overlap" 
"standardGeneric" "get" "disableValidity" "validityMethod" "anyStrings" "validObject" "initialize" "initialize" "extractROWS" "standardGeneric" "extractROWS" ".nextMethod" "eval" "eval" "callNextMethod" "[" "[" "findOverlaps_GNCList" ".local" "findOverlaps" "standardGeneric" "findOverlaps" ".nearest" ".local" "nearest" "standardGeneric" "nearest" 1#224 "data.frame" 1#224 "overlap" 
"do.call" "standardGeneric" "do.call" "extractROWS" "standardGeneric" "extractROWS" "FUN" "lapply" "standardGeneric" "lapply" ".nextMethod" "eval" "eval" "callNextMethod" ".class1" "as" "extractROWS" "standardGeneric" "extractROWS" ".nextMethod" "eval" "eval" "callNextMethod" "[" "[" ".splitAsList_by_Rle" "splitAsList_default" ".local" "splitAsList" "standardGeneric" "splitAsList" ".extract_groups_from_GenomicRanges" "findOverlaps_GNCList" ".local" "findOverlaps" "standardGeneric" "findOverlaps" ".nearest" ".local" "nearest" "standardGeneric" "nearest" 1#224 "data.frame" 1#224 "overlap" 
"disableValidity" "new2" "newCompressedList0" "relist" "standardGeneric" "relist" ".splitAsList_by_Rle" "splitAsList_default" ".local" "splitAsList" "standardGeneric" "splitAsList" ".extract_groups_from_GenomicRanges" "findOverlaps_GNCList" ".local" "findOverlaps" "standardGeneric" "findOverlaps" ".nearest" ".local" "nearest" "standardGeneric" "nearest" 1#224 "data.frame" 1#224 "overlap" 
"length" "length" "length" "NROW" "standardGeneric" "NROW" "NSBS" "standardGeneric" "NSBS" "normalizeSingleBracketSubscript" "extractROWS" "standardGeneric" "extractROWS" "extractROWS" "standardGeneric" "extractROWS" "[" "[" ".nearest" ".local" "nearest" "standardGeneric" "nearest" 1#224 "data.frame" 1#224 "overlap" 
"base::which" "which" "standardGeneric" "which" "NSBS" "standardGeneric" "NSBS" "normalizeSingleBracketSubscript" "extractROWS" "standardGeneric" "extractROWS" "S4Vectors:::V_recycle" "normalize_strand_replacement_value" ".local" "strand<-" "standardGeneric" "strand<-" ".GenomicRanges_findPrecedeFollow" ".local" "precede" "standardGeneric" "precede" ".nearest" ".local" "nearest" "standardGeneric" "nearest" 1#224 "data.frame" 1#224 "overlap" 
"as.vector" "as.vector.factor" "as.vector" "as.vector" "standardGeneric" "rep.int" "as.vector" "as.vector" "as.vector" ".local" "as.character" "as.character" "as.character" "unname" ".GenomicRanges_findPrecedeFollow" ".local" "precede" "standardGeneric" "precede" ".nearest" ".local" "nearest" "standardGeneric" "nearest" 1#224 "data.frame" 1#224 "overlap" 
"getClassDef" "is" "stopifnot" "new_Rle" "Rle" "standardGeneric" "Rle" "runLength<-" "standardGeneric" "runLength<-" ".rep_times_Rle" "rep.int" "standardGeneric" "rep.int" "standardGeneric" "window" ".local" "rep" "rep" "!=" "!=" "!=" "eval" "eval" "callGeneric" "!=" "!=" "standardGeneric" "which" ".GenomicRanges_findPrecedeFollow" ".local" "precede" "standardGeneric" "precede" ".nearest" ".local" "nearest" "standardGeneric" "nearest" 1#224 "data.frame" 1#224 "overlap" 
"sort.int" "sort.default" "sort" "sort.list" ".orderNumeric" ".GenomicRanges_findNearest0" "plusfun" ".GenomicRanges_findPrecedeFollow" ".local" "precede" "standardGeneric" "precede" ".nearest" ".local" "nearest" "standardGeneric" "nearest" 1#224 "data.frame" 1#224 "overlap" 
":::" ".GenomicRanges_findNearest0" "plusfun" ".GenomicRanges_findPrecedeFollow" ".local" "precede" "standardGeneric" "precede" ".nearest" ".local" "nearest" "standardGeneric" "nearest" 1#224 "data.frame" 1#224 "overlap" 
"is" "stopifnot" "new_Rle" "==" "==" "==" "eval" "eval" "callGeneric" "==" "==" "standardGeneric" "which" ".GenomicRanges_findPrecedeFollow" ".local" "precede" "standardGeneric" "precede" ".nearest" ".local" "nearest" "standardGeneric" "nearest" 1#224 "data.frame" 1#224 "overlap" 
"&" "standardGeneric" "which" "NSBS" "standardGeneric" "NSBS" "normalizeSingleBracketSubscript" "extractROWS" "standardGeneric" "extractROWS" "S4Vectors:::V_recycle" "normalize_strand_replacement_value" ".local" "strand<-" "standardGeneric" "strand<-" ".GenomicRanges_findPrecedeFollow" ".local" "follow" "standardGeneric" "follow" ".nearest" ".local" "nearest" "standardGeneric" "nearest" 1#224 "data.frame" 1#224 "overlap" 
"runLength" "standardGeneric" "runLength" "rep.int" "standardGeneric" "rep.int" "as.vector" "as.vector" "as.vector" ".local" "as.character" "as.character" "as.character" "unname" ".GenomicRanges_findPrecedeFollow" ".local" "follow" "standardGeneric" "follow" ".nearest" ".local" "nearest" "standardGeneric" "nearest" 1#224 "data.frame" 1#224 "overlap" 
".GenomicRanges_findPrecedeFollow" ".local" "follow" "standardGeneric" "follow" ".nearest" ".local" "nearest" "standardGeneric" "nearest" 1#224 "data.frame" 1#224 "overlap" 
".GenomicRanges_findPrecedeFollow" ".local" "follow" "standardGeneric" "follow" ".nearest" ".local" "nearest" "standardGeneric" "nearest" 1#224 "data.frame" 1#224 "overlap" 
"%in%" "standardGeneric" "%in%" ".GenomicRanges_findNearest0" "plusfun" ".GenomicRanges_findPrecedeFollow" ".local" "follow" "standardGeneric" "follow" ".nearest" ".local" "nearest" "standardGeneric" "nearest" 1#224 "data.frame" 1#224 "overlap" 
"sort.int" "sort.default" "sort" "sort.list" ".orderNumeric" ".GenomicRanges_findNearest0" "plusfun" ".GenomicRanges_findPrecedeFollow" ".local" "follow" "standardGeneric" "follow" ".nearest" ".local" "nearest" "standardGeneric" "nearest" 1#224 "data.frame" 1#224 "overlap" 
"new2" "RangeNSBS" ".local" "window" "standardGeneric" "window" ".local" "rep" "rep" "!=" "!=" "!=" "eval" "eval" "callGeneric" "!=" "!=" "standardGeneric" "which" ".GenomicRanges_findPrecedeFollow" ".local" "follow" "standardGeneric" "follow" ".nearest" ".local" "nearest" "standardGeneric" "nearest" 1#224 "data.frame" 1#224 "overlap" 
"anyDuplicated" "standardGeneric" "anyDuplicated" ".valid.Vector.parallelSlots" "valid.func" "validityMethod" "anyStrings" "validObject" "extractROWS" "standardGeneric" "extractROWS" "[" "[" ".GenomicRanges_findPrecedeFollow" ".local" "follow" "standardGeneric" "follow" ".nearest" ".local" "nearest" "standardGeneric" "nearest" 1#224 "data.frame" 1#224 "overlap" 
"unique.default" "unique" "factor" "as.data.frame.character" "as.data.frame" "data.frame" 1#226 "overlap" 
"rlang::set_names" "map_mold" "map_lgl" "check_tibble" "list_to_tibble" "as_data_frame.data.frame" "as_data_frame" "tbl_df" "left_join" "as.data.frame" "left_join.data.frame" "left_join" 1#229 "overlap" 
"levels" "standardGeneric" "levels" ".splitAsList_by_Rle" "splitAsList_default" ".local" "splitAsList" "standardGeneric" "splitAsList" ".extract_groups_from_GenomicRanges" "findOverlaps_GNCList" ".local" "findOverlaps" "standardGeneric" "findOverlaps" ".nearest" ".local" "nearest" "standardGeneric" "nearest" 1#232 "data.frame" 1#232 "overlap" 
"rev" "validObject" "initialize" "initialize" "extractROWS" "standardGeneric" "extractROWS" ".nextMethod" "eval" "eval" "callNextMethod" "[" "[" "findOverlaps_GNCList" ".local" "findOverlaps" "standardGeneric" "findOverlaps" ".nearest" ".local" "nearest" "standardGeneric" "nearest" 1#232 "data.frame" 1#232 "overlap" 
"do.call" "standardGeneric" "do.call" "extractROWS" "standardGeneric" "extractROWS" "FUN" "lapply" "standardGeneric" "lapply" ".nextMethod" "eval" "eval" "callNextMethod" ".class1" "as" "extractROWS" "standardGeneric" "extractROWS" ".nextMethod" "eval" "eval" "callNextMethod" "[" "[" ".splitAsList_by_Rle" "splitAsList_default" ".local" "splitAsList" "standardGeneric" "splitAsList" ".extract_groups_from_GenomicRanges" "findOverlaps_GNCList" ".local" "findOverlaps" "standardGeneric" "findOverlaps" ".nearest" ".local" "nearest" "standardGeneric" "nearest" 1#232 "data.frame" 1#232 "overlap" 
"standardGeneric" "which" "NSBS" "standardGeneric" "NSBS" "normalizeSingleBracketSubscript" "extractROWS" "standardGeneric" "extractROWS" ".nextMethod" "eval" "eval" "callNextMethod" "[" "[" "findOverlaps_GNCList" ".local" "findOverlaps" "standardGeneric" "findOverlaps" ".nearest" ".local" "nearest" "standardGeneric" "nearest" 1#232 "data.frame" 1#232 "overlap" 
"standardGeneric" "width" "length" "length" "length" "NROW" "standardGeneric" "NROW" "NSBS" "standardGeneric" "NSBS" "normalizeSingleBracketSubscript" ".nextMethod" "eval" "eval" "callNextMethod" ".class1" "as" "extractROWS" "standardGeneric" "extractROWS" "extractROWS" "standardGeneric" "extractROWS" "[" "[" ".nearest" ".local" "nearest" "standardGeneric" "nearest" 1#232 "data.frame" 1#232 "overlap" 
"NextMethod" "[.factor" "[" "extract_positions_from_Rle" "extractROWS" "standardGeneric" "extractROWS" "eval" "eval" "callGeneric" "extractROWS" "standardGeneric" "extractROWS" "S4Vectors:::V_recycle" "normalize_strand_replacement_value" ".local" "strand<-" "standardGeneric" "strand<-" ".GenomicRanges_findPrecedeFollow" ".local" "precede" "standardGeneric" "precede" ".nearest" ".local" "nearest" "standardGeneric" "nearest" 1#232 "data.frame" 1#232 "overlap" 
"unname" ".GenomicRanges_findPrecedeFollow" ".local" "precede" "standardGeneric" "precede" ".nearest" ".local" "nearest" "standardGeneric" "nearest" 1#232 "data.frame" 1#232 "overlap" 
".local" "which" "standardGeneric" "which" ".GenomicRanges_findPrecedeFollow" ".local" "precede" "standardGeneric" "precede" ".nearest" ".local" "nearest" "standardGeneric" "nearest" 1#232 "data.frame" 1#232 "overlap" 
"sort.int" "sort.default" "sort" "sort.list" ".orderNumeric" ".GenomicRanges_findNearest0" "plusfun" ".GenomicRanges_findPrecedeFollow" ".local" "precede" "standardGeneric" "precede" ".nearest" ".local" "nearest" "standardGeneric" "nearest" 1#232 "data.frame" 1#232 "overlap" 
"methods:::.selectDotsMethod" "standardGeneric" "cbind" "IRanges:::vectorToHits" ".GenomicRanges_findNearest0" "plusfun" ".GenomicRanges_findPrecedeFollow" ".local" "precede" "standardGeneric" "precede" ".nearest" ".local" "nearest" "standardGeneric" "nearest" 1#232 "data.frame" 1#232 "overlap" 
"standardGeneric" "lapply" ".nextMethod" "callNextMethod" "extractROWS" "standardGeneric" "extractROWS" "[" "[" ".GenomicRanges_findPrecedeFollow" ".local" "precede" "standardGeneric" "precede" ".nearest" ".local" "nearest" "standardGeneric" "nearest" 1#232 "data.frame" 1#232 "overlap" 
"normarg_method" "map_positions_to_runs" "extract_positions_from_Rle" "extractROWS" "standardGeneric" "extractROWS" "eval" "eval" "callGeneric" "extractROWS" "standardGeneric" "extractROWS" "S4Vectors:::V_recycle" "normalize_strand_replacement_value" ".local" "strand<-" "standardGeneric" "strand<-" ".GenomicRanges_findPrecedeFollow" ".local" "follow" "standardGeneric" "follow" ".nearest" ".local" "nearest" "standardGeneric" "nearest" 1#232 "data.frame" 1#232 "overlap" 
"unname" ".GenomicRanges_findPrecedeFollow" ".local" "follow" "standardGeneric" "follow" ".nearest" ".local" "nearest" "standardGeneric" "nearest" 1#232 "data.frame" 1#232 "overlap" 
"unname" ".GenomicRanges_findPrecedeFollow" ".local" "follow" "standardGeneric" "follow" ".nearest" ".local" "nearest" "standardGeneric" "nearest" 1#232 "data.frame" 1#232 "overlap" 
"!=" "!=" "!=" "eval" "eval" "callGeneric" "!=" "!=" "standardGeneric" "which" ".GenomicRanges_findPrecedeFollow" ".local" "follow" "standardGeneric" "follow" ".nearest" ".local" "nearest" "standardGeneric" "nearest" 1#232 "data.frame" 1#232 "overlap" 
"sort.int" "sort.default" "sort" "sort.list" ".orderNumeric" ".GenomicRanges_findNearest0" "plusfun" ".GenomicRanges_findPrecedeFollow" ".local" "follow" "standardGeneric" "follow" ".nearest" ".local" "nearest" "standardGeneric" "nearest" 1#232 "data.frame" 1#232 "overlap" 
".local" "start" "standardGeneric" "start" "is" "IRanges" "IRanges:::vectorToHits" ".GenomicRanges_findNearest0" "plusfun" ".GenomicRanges_findPrecedeFollow" ".local" "follow" "standardGeneric" "follow" ".nearest" ".local" "nearest" "standardGeneric" "nearest" 1#232 "data.frame" 1#232 "overlap" 
"levels" "noNA.levels" "Ops.factor" "==" "eval" "eval" "callGeneric" "is" "stopifnot" "new_Rle" "==" "==" "==" "eval" "eval" "callGeneric" "==" "==" "standardGeneric" "which" ".GenomicRanges_findPrecedeFollow" ".local" "follow" "standardGeneric" "follow" ".nearest" ".local" "nearest" "standardGeneric" "nearest" 1#232 "data.frame" 1#232 "overlap" 
"%in%" "[.data.frame" 1#235 "[" 1#235 "data.frame" 1#235 "overlap" 
"validObject" "initialize" "initialize" "new" "new2" "PartitioningByEnd" ".splitAsList_by_Rle" "splitAsList_default" ".local" "splitAsList" "standardGeneric" "splitAsList" ".extract_groups_from_GenomicRanges" "findOverlaps_GNCList" ".local" "findOverlaps" "standardGeneric" "findOverlaps" ".nearest" ".local" "nearest" "standardGeneric" "nearest" 1#241 "data.frame" 1#241 "overlap" 
"rep.int" "successiveIRanges" ".splitAsList_by_Rle" "splitAsList_default" ".local" "splitAsList" "standardGeneric" "splitAsList" ".extract_groups_from_GenomicRanges" "findOverlaps_GNCList" ".local" "findOverlaps" "standardGeneric" "findOverlaps" ".nearest" ".local" "nearest" "standardGeneric" "nearest" 1#241 "data.frame" 1#241 "overlap" 
".Call" ".Call2" "S4Vectors:::fancy_mseq" "as.integer" "as.integer" "as.integer" ".local" "as.integer" "as.integer" "as.integer" "normalizeSingleBracketSubscript" "extractROWS" "standardGeneric" "extractROWS" ".splitAsList_by_Rle" "splitAsList_default" ".local" "splitAsList" "standardGeneric" "splitAsList" ".extract_groups_from_GenomicRanges" "findOverlaps_GNCList" ".local" "findOverlaps" "standardGeneric" "findOverlaps" ".nearest" ".local" "nearest" "standardGeneric" "nearest" 1#241 "data.frame" 1#241 "overlap" 
".getClassesFromCache" "getClassDef" "validObject" "initialize" "initialize" "new" "new2" "extractROWS" "standardGeneric" "extractROWS" ".nextMethod" "eval" "eval" "callNextMethod" "[" "[" "findOverlaps_GNCList" ".local" "findOverlaps" "standardGeneric" "findOverlaps" ".nearest" ".local" "nearest" "standardGeneric" "nearest" 1#241 "data.frame" 1#241 "overlap" 
"NSBS" "standardGeneric" "NSBS" "normalizeSingleBracketSubscript" "extractROWS" "standardGeneric" "extractROWS" "S4Vectors:::V_recycle" "normalize_strand_replacement_value" ".local" "strand<-" "standardGeneric" "strand<-" ".GenomicRanges_findPrecedeFollow" ".local" "precede" "standardGeneric" "precede" ".nearest" ".local" "nearest" "standardGeneric" "nearest" 1#241 "data.frame" 1#241 "overlap" 
"unname" ".GenomicRanges_findPrecedeFollow" ".local" "precede" "standardGeneric" "precede" ".nearest" ".local" "nearest" "standardGeneric" "nearest" 1#241 "data.frame" 1#241 "overlap" 
"standardGeneric" "%in%" ".GenomicRanges_findNearest0" "plusfun" ".GenomicRanges_findPrecedeFollow" ".local" "precede" "standardGeneric" "precede" ".nearest" ".local" "nearest" "standardGeneric" "nearest" 1#241 "data.frame" 1#241 "overlap" 
"sort.int" "sort.default" "sort" "sort.list" ".orderNumeric" ".GenomicRanges_findNearest0" "plusfun" ".GenomicRanges_findPrecedeFollow" ".local" "precede" "standardGeneric" "precede" ".nearest" ".local" "nearest" "standardGeneric" "nearest" 1#241 "data.frame" 1#241 "overlap" 
"new_Rle" "Rle" "standardGeneric" "Rle" "runLength<-" "standardGeneric" "runLength<-" ".rep_times_Rle" "rep.int" "standardGeneric" "rep.int" "standardGeneric" "window" ".local" "rep" "rep" "!=" "!=" "!=" "eval" "eval" "callGeneric" "!=" "!=" "standardGeneric" "which" ".GenomicRanges_findPrecedeFollow" ".local" "precede" "standardGeneric" "precede" ".nearest" ".local" "nearest" "standardGeneric" "nearest" 1#241 "data.frame" 1#241 "overlap" 
"character" "anyStrings" "validObject" "extractROWS" "standardGeneric" "extractROWS" "[" "[" ".GenomicRanges_findPrecedeFollow" ".local" "precede" "standardGeneric" "precede" ".nearest" ".local" "nearest" "standardGeneric" "nearest" 1#241 "data.frame" 1#241 "overlap" 
"as.vector" "as.vector.factor" "as.vector" "as.vector" "standardGeneric" "rep.int" "as.vector" "as.vector" "as.vector" ".local" "as.character" "as.character" "as.character" "unname" ".GenomicRanges_findPrecedeFollow" ".local" "follow" "standardGeneric" "follow" ".nearest" ".local" "nearest" "standardGeneric" "nearest" 1#241 "data.frame" 1#241 "overlap" 
".GenomicRanges_findPrecedeFollow" ".local" "follow" "standardGeneric" "follow" ".nearest" ".local" "nearest" "standardGeneric" "nearest" 1#241 "data.frame" 1#241 "overlap" 
".GenomicRanges_findPrecedeFollow" ".local" "follow" "standardGeneric" "follow" ".nearest" ".local" "nearest" "standardGeneric" "nearest" 1#241 "data.frame" 1#241 "overlap" 
"new_Rle" "!=" "!=" "!=" "eval" "eval" "callGeneric" "!=" "!=" "standardGeneric" "which" ".GenomicRanges_findPrecedeFollow" ".local" "follow" "standardGeneric" "follow" ".nearest" ".local" "nearest" "standardGeneric" "nearest" 1#241 "data.frame" 1#241 "overlap" 
"sort.int" "sort.default" "sort" "sort.list" ".orderNumeric" ".GenomicRanges_findNearest0" "plusfun" ".GenomicRanges_findPrecedeFollow" ".local" "follow" "standardGeneric" "follow" ".nearest" ".local" "nearest" "standardGeneric" "nearest" 1#241 "data.frame" 1#241 "overlap" 
".Call" ".Call2" "new_Hits" "Hits" ".Hits" ".GenomicRanges_findPrecedeFollow" ".local" "follow" "standardGeneric" "follow" ".nearest" ".local" "nearest" "standardGeneric" "nearest" 1#241 "data.frame" 1#241 "overlap" 
"assign" ".nextMethod" "callNextMethod" "loadMethod" "loadMethod" "standardGeneric" "parallelSlotNames" ".nextMethod" "callNextMethod" "extractROWS" "standardGeneric" "extractROWS" "[" "[" ".GenomicRanges_findPrecedeFollow" ".local" "follow" "standardGeneric" "follow" ".nearest" ".local" "nearest" "standardGeneric" "nearest" 1#241 "data.frame" 1#241 "overlap" 
"chr" "rlang::set_names" "map_mold" "map_lgl" "check_tibble" "list_to_tibble" "as_data_frame.data.frame" "as_data_frame" "tbl_df" "left_join" "as.data.frame" "left_join.data.frame" "left_join" 1#247 "overlap" 
".selectListClassName" "relistToClass" "standardGeneric" "relistToClass" "relist" "standardGeneric" "relist" ".splitAsList_by_Rle" "splitAsList_default" ".local" "splitAsList" "standardGeneric" "splitAsList" ".extract_groups_from_GenomicRanges" "findOverlaps_GNCList" ".local" "findOverlaps" "standardGeneric" "findOverlaps" 1#252 "data.frame" 1#252 "overlap" 
"topenv" "getClassDef" "FUN" "lapply" "sapply" "standardGeneric" "sapply" "standardGeneric" "which" "listClassName" ".selectListClassName" "relistToClass" "standardGeneric" "relistToClass" "relist" "standardGeneric" "relist" ".splitAsList_by_Rle" "splitAsList_default" ".local" "splitAsList" "standardGeneric" "splitAsList" ".extract_groups_from_GenomicRanges" "findOverlaps_GNCList" ".local" "findOverlaps" "standardGeneric" "findOverlaps" 1#252 "data.frame" 1#252 "overlap" 
"new" "new2" "S4Vectors:::make_zero_col_DataFrame" "DataFrame" "asMethod" "as" "standardGeneric" "as.data.frame" "as.data.frame" "standardGeneric" "as.data.frame" "as.data.frame.Vector" "as.data.frame" "data.frame" 1#252 "overlap" 
"tryCatchOne" "tryCatchList" "tryCatch" "try" "validObject" "initialize" "initialize" "new" "new2" "PartitioningByEnd" ".splitAsList_by_Rle" "splitAsList_default" ".local" "splitAsList" "standardGeneric" "splitAsList" ".extract_groups_from_GenomicRanges" "findOverlaps_GNCList" ".local" "findOverlaps" "standardGeneric" "findOverlaps" 1#254 "data.frame" 1#254 "overlap" 
"tryCatchList" "tryCatch" "try" "validObject" "initialize" "initialize" "extractROWS" "standardGeneric" "extractROWS" ".nextMethod" "eval" "eval" "callNextMethod" "[" "[" "findOverlaps_GNCList" ".local" "findOverlaps" "standardGeneric" "findOverlaps" 1#254 "data.frame" 1#254 "overlap" 
"possibleExtends" "validObject" "initialize" "initialize" "new" "new2" "extractROWS" "standardGeneric" "extractROWS" ".nextMethod" "eval" "eval" "callNextMethod" "[" "[" "findOverlaps_GNCList" ".local" "findOverlaps" "standardGeneric" "findOverlaps" 1#254 "data.frame" 1#254 "overlap" 
"make.unique" "make.names" "DataFrame" "asMethod" "as" "standardGeneric" "as.data.frame" "as.data.frame" "standardGeneric" "as.data.frame" "as.data.frame.Vector" "as.data.frame" "data.frame" 1#254 "overlap" 
"unique.default" "unique" "factor" "as.data.frame.character" "as.data.frame" "data.frame" 1#256 "overlap" 
"[.data.frame" 1#273 "[" 1#273 "data.frame" 1#273 "overlap" 
"getExportedValue" "::" "map_mold" "map_lgl" "check_tibble" "list_to_tibble" "as_data_frame.data.frame" "as_data_frame" "tbl_df" "mutate" "as.data.frame" "mutate.data.frame" "mutate" 1#298 "overlap" 
"lapply" "map" "dots_capture" "dots_values" "chr" "rlang::set_names" "map_mold" "map_lgl" "check_tibble" "list_to_tibble" "as_data_frame.data.frame" "as_data_frame" "tbl_df" "mutate" "as.data.frame" "mutate.data.frame" "mutate" 1#300 "overlap" 
".Call" "anti_join_impl" "anti_join.tbl_df" "anti_join" "as.data.frame" "anti_join.data.frame" "anti_join" 1#303 "overlap" 
"get0" "getExportedValue" "::" "map_mold" "map_int" "recycle_columns" "list_to_tibble" "as_data_frame.data.frame" "as_data_frame" "tbl_df" "mutate" "as.data.frame" "mutate.data.frame" "mutate" 1#307 "overlap" 
"match.call" "stopifnot" "is_character" "is_string" "sym" "lang" "new_formula" "new_quosure" "forward_quosure" "FUN" "lapply" "map" "dots_enquose" "quos" "filter.tbl_df" "filter" "function_list[[k]]" "withVisible" "freduce" "_fseq" "eval" "eval" "withVisible" "%>%" 1#325 "overlap" 
"tryCatch" ".Call" "filter_impl" "filter.tbl_df" "filter" "function_list[[k]]" "withVisible" "freduce" "_fseq" "eval" "eval" "withVisible" "%>%" 1#325 "overlap" 
"stopifnot" "is_character" "rlang::set_names" "map_mold" "map_int" "validate_nrow" "new_tibble" "list_to_tibble" "as_tibble.data.frame" "[.tbl_df" "NextMethod" "[.grouped_df" "[" "duplicated" "[.tbl_df" "NextMethod" "[.grouped_df" 1#328 "[" 1#328 "overlap" 
"eval" "eval" "standardGeneric" "eval" "evalq" "doTryCatch" "tryCatchOne" "tryCatchList" "doTryCatch" "tryCatchOne" "tryCatchList" "tryCatch" ".Call" "filter_impl" "filter.tbl_df" "filter" "function_list[[k]]" "withVisible" "freduce" "_fseq" "eval" "eval" "withVisible" "%>%" 1#329 "overlap" 
"force" "eval" "evalq" "doTryCatch" "tryCatchOne" "tryCatchList" "doTryCatch" "tryCatchOne" "tryCatchList" "tryCatch" ".Call" "filter_impl" "filter.tbl_df" "filter" "function_list[[k]]" "withVisible" "freduce" "_fseq" "eval" "eval" "withVisible" "%>%" 1#329 "overlap" 
"doTryCatch" "tryCatchOne" "tryCatchList" "tryCatch" "see_if" "assert_that" "grouped_df" "[.grouped_df" 1#332 "[" 1#332 "overlap" 
